Log file open, 02/04/20 15:08:38
LogWindows: Failed to load 'aqProf.dll' (GetLastError=126)
LogWindows: File 'aqProf.dll' does not exist
LogWindows: Failed to load 'VtuneApi.dll' (GetLastError=126)
LogWindows: File 'VtuneApi.dll' does not exist
LogWindows: Failed to load 'VtuneApi32e.dll' (GetLastError=126)
LogWindows: File 'VtuneApi32e.dll' does not exist
LogConsoleResponse: Display: Failed to find resolution value strings in scalability ini. Falling back to default.
LogInit: Display: Running engine for game: MyProject
LogPlatformFile: Not using cached read wrapper
LogTaskGraph: Started task graph with 5 named threads and 23 total threads with 3 sets of task threads.
LogStats: Stats thread started at 1.537753
LogD3D11RHI: Loaded GFSDK_Aftermath_Lib.x64.dll
LogICUInternationalization: ICU TimeZone Detection - Raw Offset: +5:30, Platform Override: ''
LogPluginManager: Mounting plugin Paper2D
LogPluginManager: Mounting plugin AISupport
LogPluginManager: Mounting plugin LightPropagationVolume
LogPluginManager: Mounting plugin ActorLayerUtilities
LogPluginManager: Mounting plugin AnimationSharing
LogPluginManager: Mounting plugin CLionSourceCodeAccess
LogPluginManager: Mounting plugin CodeLiteSourceCodeAccess
LogPluginManager: Mounting plugin GitSourceControl
LogPluginManager: Mounting plugin KDevelopSourceCodeAccess
LogPluginManager: Mounting plugin NullSourceCodeAccess
LogPluginManager: Mounting plugin PerforceSourceControl
LogPluginManager: Mounting plugin PlasticSourceControl
LogPluginManager: Mounting plugin SubversionSourceControl
LogPluginManager: Mounting plugin UObjectPlugin
LogPluginManager: Mounting plugin VisualStudioCodeSourceCodeAccess
LogPluginManager: Mounting plugin VisualStudioSourceCodeAccess
LogPluginManager: Mounting plugin XCodeSourceCodeAccess
LogPluginManager: Mounting plugin AssetManagerEditor
LogPluginManager: Mounting plugin CryptoKeys
LogPluginManager: Mounting plugin CurveEditorTools
LogPluginManager: Mounting plugin DataValidation
LogPluginManager: Mounting plugin FacialAnimation
LogPluginManager: Mounting plugin GameplayTagsEditor
LogPluginManager: Mounting plugin MacGraphicsSwitching
LogPluginManager: Mounting plugin MaterialAnalyzer
LogPluginManager: Mounting plugin MobileLauncherProfileWizard
LogPluginManager: Mounting plugin PluginBrowser
LogPluginManager: Mounting plugin SpeedTreeImporter
LogPluginManager: Mounting plugin DatasmithContent
LogPluginManager: Mounting plugin VariantManagerContent
LogPluginManager: Mounting plugin AlembicImporter
LogPluginManager: Mounting plugin AutomationUtils
LogPluginManager: Mounting plugin BackChannel
LogPluginManager: Mounting plugin CharacterAI
LogPluginManager: Mounting plugin GeometryCache
LogPluginManager: Mounting plugin PlatformCrypto
LogPluginManager: Mounting plugin ProxyLODPlugin
LogPluginManager: Mounting plugin SkeletalReduction
LogPluginManager: Mounting plugin MagicLeap
LogPluginManager: Mounting plugin MagicLeapMedia
LogPluginManager: Mounting plugin MLSDK
LogPluginManager: Mounting plugin AndroidMedia
LogPluginManager: Mounting plugin AvfMedia
LogPluginManager: Mounting plugin ImgMedia
LogPluginManager: Mounting plugin MediaCompositing
LogPluginManager: Mounting plugin MediaPlayerEditor
LogPluginManager: Mounting plugin WebMMedia
LogPluginManager: Mounting plugin WmfMedia
LogPluginManager: Mounting plugin TcpMessaging
LogPluginManager: Mounting plugin UdpMessaging
LogPluginManager: Mounting plugin ActorSequence
LogPluginManager: Mounting plugin LevelSequenceEditor
LogPluginManager: Mounting plugin MatineeToLevelSequence
LogPluginManager: Mounting plugin NetcodeUnitTest
LogPluginManager: Mounting plugin NUTUnrealEngine4
LogPluginManager: Mounting plugin OnlineSubsystemGooglePlay
LogPluginManager: Mounting plugin OnlineSubsystemIOS
LogPluginManager: Mounting plugin OnlineSubsystem
LogPluginManager: Mounting plugin OnlineSubsystemNull
LogPluginManager: Mounting plugin OnlineSubsystemUtils
LogPluginManager: Mounting plugin LauncherChunkInstaller
LogPluginManager: Mounting plugin AndroidDeviceProfileSelector
LogPluginManager: Mounting plugin AndroidMoviePlayer
LogPluginManager: Mounting plugin AndroidPermission
LogPluginManager: Mounting plugin AppleImageUtils
LogPluginManager: Mounting plugin AppleMoviePlayer
LogPluginManager: Mounting plugin ArchVisCharacter
LogPluginManager: Mounting plugin AssetTags
LogPluginManager: Mounting plugin AudioCapture
LogPluginManager: Mounting plugin CableComponent
LogPluginManager: Mounting plugin CustomMeshComponent
LogPluginManager: Mounting plugin EditableMesh
LogPluginManager: Mounting plugin ExampleDeviceProfileSelector
LogPluginManager: Mounting plugin GoogleCloudMessaging
LogPluginManager: Mounting plugin IOSDeviceProfileSelector
LogPluginManager: Mounting plugin LinuxDeviceProfileSelector
LogPluginManager: Mounting plugin LocationServicesBPLibrary
LogPluginManager: Mounting plugin MobilePatchingUtils
LogPluginManager: Mounting plugin OculusVR
LogPluginManager: Mounting plugin PhysXVehicles
LogPluginManager: Mounting plugin PostSplashScreen
LogPluginManager: Mounting plugin ProceduralMeshComponent
LogPluginManager: Mounting plugin RuntimePhysXCooking
LogPluginManager: Mounting plugin SignificanceManager
LogPluginManager: Mounting plugin SteamVR
LogPluginManager: Mounting plugin WebMMoviePlayer
LogPluginManager: Mounting plugin WindowsMoviePlayer
LogPluginManager: Mounting plugin ScreenshotTools
LogInit: Using libcurl 7.55.1-DEV
LogInit:  - built for x86_64-pc-win32
LogInit:  - supports SSL with OpenSSL/1.1.1
LogInit:  - supports HTTP deflate (compression) using libz 1.2.8
LogInit:  - other features:
LogInit:      CURL_VERSION_SSL
LogInit:      CURL_VERSION_LIBZ
LogInit:      CURL_VERSION_IPV6
LogInit:      CURL_VERSION_ASYNCHDNS
LogInit:      CURL_VERSION_LARGEFILE
LogInit:      CURL_VERSION_IDN
LogInit:  CurlRequestOptions (configurable via config and command line):
LogInit:  - bVerifyPeer = true  - Libcurl will verify peer certificate
LogInit:  - bUseHttpProxy = false  - Libcurl will NOT use HTTP proxy
LogInit:  - bDontReuseConnections = false  - Libcurl will reuse connections
LogInit:  - MaxHostConnections = 16  - Libcurl will limit the number of connections to a host
LogInit:  - LocalHostAddr = Default
LogInit:  - BufferSize = 65536
LogOnline: OSS: Creating online subsystem instance for: NULL
LogInit: WinSock: version 1.1 (2.2), MaxSocks=32767, MaxUdp=65467
LogOnline: OSS: TryLoadSubsystemAndSetDefault: Loaded subsystem for module [NULL]
LogInit: Build: ++UE4+Release-4.24-CL-10757647
LogInit: Engine Version: 4.24.1-10757647+++UE4+Release-4.24
LogInit: Compatible Engine Version: 4.24.0-10570792+++UE4+Release-4.24
LogInit: Net CL: 10570792
LogInit: OS: Windows 10 (Release 1903) (), CPU: Intel(R) Core(TM) i7-6700K CPU @ 4.00GHz, GPU: Intel(R) HD Graphics 530
LogInit: Compiled (64-bit): Dec 17 2019 02:08:03
LogInit: Compiled with Visual C++: 19.16.27032.01
LogInit: Build Configuration: Development
LogInit: Branch Name: ++UE4+Release-4.24
LogInit: Command Line: 
LogInit: Base Directory: C:/Program Files/Epic Games/UE_4.24/Engine/Binaries/Win64/
LogInit: Installed Engine Build: 1
LogDevObjectVersion: Number of dev versions registered: 25
LogDevObjectVersion:   Dev-Blueprints (B0D832E4-1F89-4F0D-ACCF-7EB736FD4AA2): 10
LogDevObjectVersion:   Dev-Build (E1C64328-A22C-4D53-A36C-8E866417BD8C): 0
LogDevObjectVersion:   Dev-Core (375EC13C-06E4-48FB-B500-84F0262A717E): 3
LogDevObjectVersion:   Dev-Editor (E4B068ED-F494-42E9-A231-DA0B2E46BB41): 37
LogDevObjectVersion:   Dev-Framework (CFFC743F-43B0-4480-9391-14DF171D2073): 36
LogDevObjectVersion:   Dev-Mobile (B02B49B5-BB20-44E9-A304-32B752E40360): 2
LogDevObjectVersion:   Dev-Networking (A4E4105C-59A1-49B5-A7C5-40C4547EDFEE): 0
LogDevObjectVersion:   Dev-Online (39C831C9-5AE6-47DC-9A44-9C173E1C8E7C): 0
LogDevObjectVersion:   Dev-Physics (78F01B33-EBEA-4F98-B9B4-84EACCB95AA2): 2
LogDevObjectVersion:   Dev-Platform (6631380F-2D4D-43E0-8009-CF276956A95A): 0
LogDevObjectVersion:   Dev-Rendering (12F88B9F-8875-4AFC-A67C-D90C383ABD29): 36
LogDevObjectVersion:   Dev-Sequencer (7B5AE74C-D270-4C10-A958-57980B212A5A): 11
LogDevObjectVersion:   Dev-VR (D7296918-1DD6-4BDD-9DE2-64A83CC13884): 2
LogDevObjectVersion:   Dev-LoadTimes (C2A15278-BFE7-4AFE-6C17-90FF531DF755): 1
LogDevObjectVersion:   Private-Geometry (6EACA3D4-40EC-4CC1-B786-8BED09428FC5): 3
LogDevObjectVersion:   Dev-AnimPhys (29E575DD-E0A3-4627-9D10-D276232CDCEA): 17
LogDevObjectVersion:   Dev-Anim (AF43A65D-7FD3-4947-9873-3E8ED9C1BB05): 2
LogDevObjectVersion:   Dev-ReflectionCapture (6B266CEC-1EC7-4B8F-A30B-E4D90942FC07): 1
LogDevObjectVersion:   Dev-Automation (0DF73D61-A23F-47EA-B727-89E90C41499A): 1
LogDevObjectVersion:   FortniteMain (601D1886-AC64-4F84-AA16-D3DE0DEAC7D6): 31
LogDevObjectVersion:   Dev-Enterprise (9DFFBCD6-494F-0158-E221-12823C92A888): 8
LogDevObjectVersion:   Dev-Niagara (F2AED0AC-9AFE-416F-8664-AA7FFA26D6FC): 1
LogDevObjectVersion:   Dev-Destruction (174F1F0B-B4C6-45A5-B13F-2EE8D0FB917D): 9
LogDevObjectVersion:   Dev-Physics-Ext (35F94A83-E258-406C-A318-09F59610247C): 8
LogDevObjectVersion:   Dev-CineCamera (B2E18506-4273-CFC2-A54E-F4BB758BBA07): 1
LogInit: Presizing for max 25165824 objects, including 0 objects not considered by GC, pre-allocating 0 bytes for permanent pool.
LogInit: Object subsystem initialized
LogConfig: Setting CVar [[con.DebugEarlyDefault:1]]
LogConfig: Setting CVar [[r.setres:1280x720]]
[2020.02.04-09.38.39:420][  0]LogConfig: Setting CVar [[r.VSync:0]]
[2020.02.04-09.38.39:420][  0]LogConfig: Setting CVar [[r.RHICmdBypass:0]]
[2020.02.04-09.38.39:420][  0]LogConfig: Applying CVar settings from Section [/Script/Engine.RendererSettings] File [D:/Clone/i360versionmanagenment/MICRO360_Share/Garcia/UE4_1/MyProject/Saved/Config/Windows/Engine.ini]
[2020.02.04-09.38.39:420][  0]LogConfig: Setting CVar [[r.GPUCrashDebugging:0]]
[2020.02.04-09.38.39:420][  0]LogConfig: Applying CVar settings from Section [/Script/Engine.RendererOverrideSettings] File [D:/Clone/i360versionmanagenment/MICRO360_Share/Garcia/UE4_1/MyProject/Saved/Config/Windows/Engine.ini]
[2020.02.04-09.38.39:420][  0]LogConfig: Applying CVar settings from Section [/Script/Engine.StreamingSettings] File [D:/Clone/i360versionmanagenment/MICRO360_Share/Garcia/UE4_1/MyProject/Saved/Config/Windows/Engine.ini]
[2020.02.04-09.38.39:420][  0]LogConfig: Setting CVar [[s.MinBulkDataSizeForAsyncLoading:131072]]
[2020.02.04-09.38.39:420][  0]LogConfig: Setting CVar [[s.AsyncLoadingThreadEnabled:0]]
[2020.02.04-09.38.39:420][  0]LogConfig: Setting CVar [[s.EventDrivenLoaderEnabled:1]]
[2020.02.04-09.38.39:420][  0]LogConfig: Setting CVar [[s.WarnIfTimeLimitExceeded:0]]
[2020.02.04-09.38.39:420][  0]LogConfig: Setting CVar [[s.TimeLimitExceededMultiplier:1.5]]
[2020.02.04-09.38.39:420][  0]LogConfig: Setting CVar [[s.TimeLimitExceededMinTime:0.005]]
[2020.02.04-09.38.39:420][  0]LogConfig: Setting CVar [[s.UseBackgroundLevelStreaming:1]]
[2020.02.04-09.38.39:420][  0]LogConfig: Setting CVar [[s.PriorityAsyncLoadingExtraTime:15.0]]
[2020.02.04-09.38.39:420][  0]LogConfig: Setting CVar [[s.LevelStreamingActorsUpdateTimeLimit:5.0]]
[2020.02.04-09.38.39:421][  0]LogConfig: Setting CVar [[s.PriorityLevelStreamingActorsUpdateExtraTime:5.0]]
[2020.02.04-09.38.39:421][  0]LogConfig: Setting CVar [[s.LevelStreamingComponentsRegistrationGranularity:10]]
[2020.02.04-09.38.39:421][  0]LogConfig: Setting CVar [[s.UnregisterComponentsTimeLimit:1.0]]
[2020.02.04-09.38.39:421][  0]LogConfig: Setting CVar [[s.LevelStreamingComponentsUnregistrationGranularity:5]]
[2020.02.04-09.38.39:421][  0]LogConfig: Setting CVar [[s.FlushStreamingOnExit:1]]
[2020.02.04-09.38.39:421][  0]LogConfig: Applying CVar settings from Section [/Script/Engine.GarbageCollectionSettings] File [D:/Clone/i360versionmanagenment/MICRO360_Share/Garcia/UE4_1/MyProject/Saved/Config/Windows/Engine.ini]
[2020.02.04-09.38.39:421][  0]LogConfig: Setting CVar [[gc.MaxObjectsNotConsideredByGC:1]]
[2020.02.04-09.38.39:421][  0]LogConfig: Setting CVar [[gc.SizeOfPermanentObjectPool:0]]
[2020.02.04-09.38.39:421][  0]LogConfig: Setting CVar [[gc.FlushStreamingOnGC:0]]
[2020.02.04-09.38.39:421][  0]LogConfig: Setting CVar [[gc.NumRetriesBeforeForcingGC:10]]
[2020.02.04-09.38.39:421][  0]LogConfig: Setting CVar [[gc.AllowParallelGC:1]]
[2020.02.04-09.38.39:421][  0]LogConfig: Setting CVar [[gc.TimeBetweenPurgingPendingKillObjects:61.1]]
[2020.02.04-09.38.39:421][  0]LogConfig: Setting CVar [[gc.MaxObjectsInEditor:25165824]]
[2020.02.04-09.38.39:421][  0]LogConfig: Setting CVar [[gc.IncrementalBeginDestroyEnabled:1]]
[2020.02.04-09.38.39:421][  0]LogConfig: Setting CVar [[gc.CreateGCClusters:1]]
[2020.02.04-09.38.39:421][  0]LogConfig: Setting CVar [[gc.MinGCClusterSize:5]]
[2020.02.04-09.38.39:421][  0]LogConfig: Setting CVar [[gc.ActorClusteringEnabled:0]]
[2020.02.04-09.38.39:421][  0]LogConfig: Setting CVar [[gc.BlueprintClusteringEnabled:0]]
[2020.02.04-09.38.39:421][  0]LogConfig: Setting CVar [[gc.UseDisregardForGCOnDedicatedServers:0]]
[2020.02.04-09.38.39:421][  0]LogConfig: Applying CVar settings from Section [/Script/Engine.NetworkSettings] File [D:/Clone/i360versionmanagenment/MICRO360_Share/Garcia/UE4_1/MyProject/Saved/Config/Windows/Engine.ini]
[2020.02.04-09.38.39:421][  0]LogConfig: Applying CVar settings from Section [/Script/UnrealEd.CookerSettings] File [D:/Clone/i360versionmanagenment/MICRO360_Share/Garcia/UE4_1/MyProject/Saved/Config/Windows/Engine.ini]
[2020.02.04-09.38.39:424][  0]LogConfig: Applying CVar settings from Section [ViewDistanceQuality@3] File [D:/Clone/i360versionmanagenment/MICRO360_Share/Garcia/UE4_1/MyProject/Saved/Config/Windows/Scalability.ini]
[2020.02.04-09.38.39:424][  0]LogConfig: Setting CVar [[r.SkeletalMeshLODBias:0]]
[2020.02.04-09.38.39:424][  0]LogConfig: Setting CVar [[r.ViewDistanceScale:1.0]]
[2020.02.04-09.38.39:424][  0]LogConfig: Applying CVar settings from Section [AntiAliasingQuality@3] File [D:/Clone/i360versionmanagenment/MICRO360_Share/Garcia/UE4_1/MyProject/Saved/Config/Windows/Scalability.ini]
[2020.02.04-09.38.39:424][  0]LogConfig: Setting CVar [[r.PostProcessAAQuality:4]]
[2020.02.04-09.38.39:424][  0]LogConfig: Applying CVar settings from Section [ShadowQuality@3] File [D:/Clone/i360versionmanagenment/MICRO360_Share/Garcia/UE4_1/MyProject/Saved/Config/Windows/Scalability.ini]
[2020.02.04-09.38.39:424][  0]LogConfig: Setting CVar [[r.LightFunctionQuality:1]]
[2020.02.04-09.38.39:424][  0]LogConfig: Setting CVar [[r.ShadowQuality:5]]
[2020.02.04-09.38.39:425][  0]LogConfig: Setting CVar [[r.Shadow.CSM.MaxCascades:10]]
[2020.02.04-09.38.39:425][  0]LogConfig: Setting CVar [[r.Shadow.MaxResolution:2048]]
[2020.02.04-09.38.39:425][  0]LogConfig: Setting CVar [[r.Shadow.MaxCSMResolution:2048]]
[2020.02.04-09.38.39:425][  0]LogConfig: Setting CVar [[r.Shadow.RadiusThreshold:0.01]]
[2020.02.04-09.38.39:425][  0]LogConfig: Setting CVar [[r.Shadow.DistanceScale:1.0]]
[2020.02.04-09.38.39:425][  0]LogConfig: Setting CVar [[r.Shadow.CSM.TransitionScale:1.0]]
[2020.02.04-09.38.39:425][  0]LogConfig: Setting CVar [[r.Shadow.PreShadowResolutionFactor:1.0]]
[2020.02.04-09.38.39:425][  0]LogConfig: Setting CVar [[r.DistanceFieldShadowing:1]]
[2020.02.04-09.38.39:425][  0]LogConfig: Setting CVar [[r.DistanceFieldAO:1]]
[2020.02.04-09.38.39:425][  0]LogConfig: Setting CVar [[r.AOQuality:2]]
[2020.02.04-09.38.39:425][  0]LogConfig: Setting CVar [[r.VolumetricFog:1]]
[2020.02.04-09.38.39:425][  0]LogConfig: Setting CVar [[r.VolumetricFog.GridPixelSize:8]]
[2020.02.04-09.38.39:425][  0]LogConfig: Setting CVar [[r.VolumetricFog.GridSizeZ:128]]
[2020.02.04-09.38.39:425][  0]LogConfig: Setting CVar [[r.VolumetricFog.HistoryMissSupersampleCount:4]]
[2020.02.04-09.38.39:425][  0]LogConfig: Setting CVar [[r.LightMaxDrawDistanceScale:1]]
[2020.02.04-09.38.39:425][  0]LogConfig: Setting CVar [[r.CapsuleShadows:1]]
[2020.02.04-09.38.39:425][  0]LogConfig: Applying CVar settings from Section [PostProcessQuality@3] File [D:/Clone/i360versionmanagenment/MICRO360_Share/Garcia/UE4_1/MyProject/Saved/Config/Windows/Scalability.ini]
[2020.02.04-09.38.39:425][  0]LogConfig: Setting CVar [[r.MotionBlurQuality:4]]
[2020.02.04-09.38.39:425][  0]LogConfig: Setting CVar [[r.AmbientOcclusionMipLevelFactor:0.4]]
[2020.02.04-09.38.39:425][  0]LogConfig: Setting CVar [[r.AmbientOcclusionMaxQuality:100]]
[2020.02.04-09.38.39:425][  0]LogConfig: Setting CVar [[r.AmbientOcclusionLevels:-1]]
[2020.02.04-09.38.39:425][  0]LogConfig: Setting CVar [[r.AmbientOcclusionRadiusScale:1.0]]
[2020.02.04-09.38.39:425][  0]LogConfig: Setting CVar [[r.DepthOfFieldQuality:2]]
[2020.02.04-09.38.39:425][  0]LogConfig: Setting CVar [[r.RenderTargetPoolMin:400]]
[2020.02.04-09.38.39:425][  0]LogConfig: Setting CVar [[r.LensFlareQuality:2]]
[2020.02.04-09.38.39:425][  0]LogConfig: Setting CVar [[r.SceneColorFringeQuality:1]]
[2020.02.04-09.38.39:425][  0]LogConfig: Setting CVar [[r.EyeAdaptationQuality:2]]
[2020.02.04-09.38.39:425][  0]LogConfig: Setting CVar [[r.BloomQuality:5]]
[2020.02.04-09.38.39:425][  0]LogConfig: Setting CVar [[r.FastBlurThreshold:100]]
[2020.02.04-09.38.39:425][  0]LogConfig: Setting CVar [[r.Upscale.Quality:3]]
[2020.02.04-09.38.39:425][  0]LogConfig: Setting CVar [[r.Tonemapper.GrainQuantization:1]]
[2020.02.04-09.38.39:425][  0]LogConfig: Setting CVar [[r.LightShaftQuality:1]]
[2020.02.04-09.38.39:425][  0]LogConfig: Setting CVar [[r.Filter.SizeScale:1]]
[2020.02.04-09.38.39:425][  0]LogConfig: Setting CVar [[r.Tonemapper.Quality:5]]
[2020.02.04-09.38.39:425][  0]LogConfig: Setting CVar [[r.DOF.Gather.AccumulatorQuality:1        ; higher gathering accumulator quality]]
[2020.02.04-09.38.39:425][  0]LogConfig: Setting CVar [[r.DOF.Gather.PostfilterMethod:1          ; Median3x3 postfilering method]]
[2020.02.04-09.38.39:425][  0]LogConfig: Setting CVar [[r.DOF.Gather.EnableBokehSettings:0       ; no bokeh simulation when gathering]]
[2020.02.04-09.38.39:425][  0]LogConfig: Setting CVar [[r.DOF.Gather.RingCount:4                 ; medium number of samples when gathering]]
[2020.02.04-09.38.39:426][  0]LogConfig: Setting CVar [[r.DOF.Scatter.ForegroundCompositing:1    ; additive foreground scattering]]
[2020.02.04-09.38.39:426][  0]LogConfig: Setting CVar [[r.DOF.Scatter.BackgroundCompositing:2    ; additive background scattering]]
[2020.02.04-09.38.39:426][  0]LogConfig: Setting CVar [[r.DOF.Scatter.EnableBokehSettings:1      ; bokeh simulation when scattering]]
[2020.02.04-09.38.39:426][  0]LogConfig: Setting CVar [[r.DOF.Scatter.MaxSpriteRatio:0.1         ; only a maximum of 10% of scattered bokeh]]
[2020.02.04-09.38.39:426][  0]LogConfig: Setting CVar [[r.DOF.Recombine.Quality:1                ; cheap slight out of focus]]
[2020.02.04-09.38.39:426][  0]LogConfig: Setting CVar [[r.DOF.Recombine.EnableBokehSettings:0    ; no bokeh simulation on slight out of focus]]
[2020.02.04-09.38.39:426][  0]LogConfig: Setting CVar [[r.DOF.TemporalAAQuality:1                ; more stable temporal accumulation]]
[2020.02.04-09.38.39:426][  0]LogConfig: Setting CVar [[r.DOF.Kernel.MaxForegroundRadius:0.025]]
[2020.02.04-09.38.39:426][  0]LogConfig: Setting CVar [[r.DOF.Kernel.MaxBackgroundRadius:0.025]]
[2020.02.04-09.38.39:426][  0]LogConfig: Applying CVar settings from Section [TextureQuality@3] File [D:/Clone/i360versionmanagenment/MICRO360_Share/Garcia/UE4_1/MyProject/Saved/Config/Windows/Scalability.ini]
[2020.02.04-09.38.39:426][  0]LogConfig: Setting CVar [[r.Streaming.MipBias:0]]
[2020.02.04-09.38.39:426][  0]LogConfig: Setting CVar [[r.Streaming.AmortizeCPUToGPUCopy:0]]
[2020.02.04-09.38.39:426][  0]LogConfig: Setting CVar [[r.Streaming.MaxNumTexturesToStreamPerFrame:0]]
[2020.02.04-09.38.39:426][  0]LogConfig: Setting CVar [[r.Streaming.Boost:1]]
[2020.02.04-09.38.39:426][  0]LogConfig: Setting CVar [[r.MaxAnisotropy:8]]
[2020.02.04-09.38.39:426][  0]LogConfig: Setting CVar [[r.VT.MaxAnisotropy:8]]
[2020.02.04-09.38.39:426][  0]LogConfig: Setting CVar [[r.Streaming.LimitPoolSizeToVRAM:0]]
[2020.02.04-09.38.39:426][  0]LogConfig: Setting CVar [[r.Streaming.PoolSize:1000]]
[2020.02.04-09.38.39:426][  0]LogConfig: Setting CVar [[r.Streaming.MaxEffectiveScreenSize:0]]
[2020.02.04-09.38.39:426][  0]LogConfig: Applying CVar settings from Section [EffectsQuality@3] File [D:/Clone/i360versionmanagenment/MICRO360_Share/Garcia/UE4_1/MyProject/Saved/Config/Windows/Scalability.ini]
[2020.02.04-09.38.39:426][  0]LogConfig: Setting CVar [[r.TranslucencyLightingVolumeDim:64]]
[2020.02.04-09.38.39:426][  0]LogConfig: Setting CVar [[r.RefractionQuality:2]]
[2020.02.04-09.38.39:426][  0]LogConfig: Setting CVar [[r.SSR.Quality:3]]
[2020.02.04-09.38.39:426][  0]LogConfig: Setting CVar [[r.SSR.HalfResSceneColor:0]]
[2020.02.04-09.38.39:426][  0]LogConfig: Setting CVar [[r.SceneColorFormat:4]]
[2020.02.04-09.38.39:426][  0]LogConfig: Setting CVar [[r.DetailMode:2]]
[2020.02.04-09.38.39:426][  0]LogConfig: Setting CVar [[r.TranslucencyVolumeBlur:1]]
[2020.02.04-09.38.39:426][  0]LogConfig: Setting CVar [[r.MaterialQualityLevel:1 ; High quality]]
[2020.02.04-09.38.39:426][  0]LogConfig: Setting CVar [[r.SSS.Scale:1]]
[2020.02.04-09.38.39:426][  0]LogConfig: Setting CVar [[r.SSS.SampleSet:2]]
[2020.02.04-09.38.39:426][  0]LogConfig: Setting CVar [[r.SSS.Quality:1]]
[2020.02.04-09.38.39:426][  0]LogConfig: Setting CVar [[r.SSS.HalfRes:1]]
[2020.02.04-09.38.39:426][  0]LogConfig: Setting CVar [[r.SSGI.Quality:3]]
[2020.02.04-09.38.39:426][  0]LogConfig: Setting CVar [[r.EmitterSpawnRateScale:1.0]]
[2020.02.04-09.38.39:426][  0]LogConfig: Setting CVar [[r.ParticleLightQuality:2]]
[2020.02.04-09.38.39:426][  0]LogConfig: Setting CVar [[r.SkyAtmosphere.AerialPerspectiveLUT.FastApplyOnOpaque:1 ; Always have FastSkyLUT 1 in this case to avoid wrong sky]]
[2020.02.04-09.38.39:426][  0]LogConfig: Setting CVar [[r.SkyAtmosphere.AerialPerspectiveLUT.SampleCountPerSlice:1]]
[2020.02.04-09.38.39:427][  0]LogConfig: Setting CVar [[r.SkyAtmosphere.AerialPerspectiveLUT.DepthResolution:16.0]]
[2020.02.04-09.38.39:427][  0]LogConfig: Setting CVar [[r.SkyAtmosphere.FastSkyLUT:1]]
[2020.02.04-09.38.39:427][  0]LogConfig: Setting CVar [[r.SkyAtmosphere.FastSkyLUT.SampleCountMin:4.0]]
[2020.02.04-09.38.39:427][  0]LogConfig: Setting CVar [[r.SkyAtmosphere.FastSkyLUT.SampleCountMax:32.0]]
[2020.02.04-09.38.39:427][  0]LogConfig: Setting CVar [[r.SkyAtmosphere.SampleCountMin:4.0]]
[2020.02.04-09.38.39:427][  0]LogConfig: Setting CVar [[r.SkyAtmosphere.SampleCountMax:32.0]]
[2020.02.04-09.38.39:427][  0]LogConfig: Setting CVar [[r.SkyAtmosphere.TransmittanceLUT.UseSmallFormat:0]]
[2020.02.04-09.38.39:427][  0]LogConfig: Setting CVar [[r.SkyAtmosphere.TransmittanceLUT.SampleCount:10.0]]
[2020.02.04-09.38.39:427][  0]LogConfig: Setting CVar [[r.SkyAtmosphere.MultiScatteringLUT.SampleCount:15.0]]
[2020.02.04-09.38.39:427][  0]LogConfig: Applying CVar settings from Section [FoliageQuality@3] File [D:/Clone/i360versionmanagenment/MICRO360_Share/Garcia/UE4_1/MyProject/Saved/Config/Windows/Scalability.ini]
[2020.02.04-09.38.39:427][  0]LogConfig: Setting CVar [[foliage.DensityScale:1.0]]
[2020.02.04-09.38.39:427][  0]LogConfig: Setting CVar [[grass.DensityScale:1.0]]
[2020.02.04-09.38.39:427][  0]LogConfig: Applying CVar settings from Section [ShadingQuality@3] File [D:/Clone/i360versionmanagenment/MICRO360_Share/Garcia/UE4_1/MyProject/Saved/Config/Windows/Scalability.ini]
[2020.02.04-09.38.39:427][  0]LogConfig: Setting CVar [[r.HairStrands.SkyLighting.SampleCount:16]]
[2020.02.04-09.38.39:427][  0]LogConfig: Setting CVar [[r.HairStrands.SkyLighting.JitterIntegration:0]]
[2020.02.04-09.38.39:427][  0]LogConfig: Setting CVar [[r.HairStrands.SkyAO.SampleCount:16]]
[2020.02.04-09.38.39:427][  0]LogInit: Selected Device Profile: [Windows]
[2020.02.04-09.38.39:427][  0]LogInit: Applying CVar settings loaded from the selected device profile: [Windows]
[2020.02.04-09.38.39:432][  0]LogHAL: Display: Platform has ~ 16 GB [17045446656 / 17179869184 / 16], which maps to Larger [LargestMinGB=32, LargerMinGB=12, DefaultMinGB=8, SmallerMinGB=6, SmallestMinGB=0)
[2020.02.04-09.38.39:432][  0]LogInit: Going up to parent DeviceProfile []
[2020.02.04-09.38.39:432][  0]LogConfig: Applying CVar settings from Section [ViewDistanceQuality@3] File [D:/Clone/i360versionmanagenment/MICRO360_Share/Garcia/UE4_1/MyProject/Saved/Config/Windows/Scalability.ini]
[2020.02.04-09.38.39:432][  0]LogConfig: Setting CVar [[r.SkeletalMeshLODBias:0]]
[2020.02.04-09.38.39:432][  0]LogConfig: Setting CVar [[r.ViewDistanceScale:1.0]]
[2020.02.04-09.38.39:432][  0]LogConfig: Applying CVar settings from Section [AntiAliasingQuality@3] File [D:/Clone/i360versionmanagenment/MICRO360_Share/Garcia/UE4_1/MyProject/Saved/Config/Windows/Scalability.ini]
[2020.02.04-09.38.39:432][  0]LogConfig: Setting CVar [[r.PostProcessAAQuality:4]]
[2020.02.04-09.38.39:432][  0]LogConfig: Applying CVar settings from Section [ShadowQuality@3] File [D:/Clone/i360versionmanagenment/MICRO360_Share/Garcia/UE4_1/MyProject/Saved/Config/Windows/Scalability.ini]
[2020.02.04-09.38.39:432][  0]LogConfig: Setting CVar [[r.LightFunctionQuality:1]]
[2020.02.04-09.38.39:432][  0]LogConfig: Setting CVar [[r.ShadowQuality:5]]
[2020.02.04-09.38.39:433][  0]LogConfig: Setting CVar [[r.Shadow.CSM.MaxCascades:10]]
[2020.02.04-09.38.39:433][  0]LogConfig: Setting CVar [[r.Shadow.MaxResolution:2048]]
[2020.02.04-09.38.39:433][  0]LogConfig: Setting CVar [[r.Shadow.MaxCSMResolution:2048]]
[2020.02.04-09.38.39:433][  0]LogConfig: Setting CVar [[r.Shadow.RadiusThreshold:0.01]]
[2020.02.04-09.38.39:433][  0]LogConfig: Setting CVar [[r.Shadow.DistanceScale:1.0]]
[2020.02.04-09.38.39:433][  0]LogConfig: Setting CVar [[r.Shadow.CSM.TransitionScale:1.0]]
[2020.02.04-09.38.39:433][  0]LogConfig: Setting CVar [[r.Shadow.PreShadowResolutionFactor:1.0]]
[2020.02.04-09.38.39:433][  0]LogConfig: Setting CVar [[r.DistanceFieldShadowing:1]]
[2020.02.04-09.38.39:433][  0]LogConfig: Setting CVar [[r.DistanceFieldAO:1]]
[2020.02.04-09.38.39:433][  0]LogConfig: Setting CVar [[r.AOQuality:2]]
[2020.02.04-09.38.39:433][  0]LogConfig: Setting CVar [[r.VolumetricFog:1]]
[2020.02.04-09.38.39:433][  0]LogConfig: Setting CVar [[r.VolumetricFog.GridPixelSize:8]]
[2020.02.04-09.38.39:433][  0]LogConfig: Setting CVar [[r.VolumetricFog.GridSizeZ:128]]
[2020.02.04-09.38.39:433][  0]LogConfig: Setting CVar [[r.VolumetricFog.HistoryMissSupersampleCount:4]]
[2020.02.04-09.38.39:433][  0]LogConfig: Setting CVar [[r.LightMaxDrawDistanceScale:1]]
[2020.02.04-09.38.39:433][  0]LogConfig: Setting CVar [[r.CapsuleShadows:1]]
[2020.02.04-09.38.39:433][  0]LogConfig: Applying CVar settings from Section [PostProcessQuality@3] File [D:/Clone/i360versionmanagenment/MICRO360_Share/Garcia/UE4_1/MyProject/Saved/Config/Windows/Scalability.ini]
[2020.02.04-09.38.39:433][  0]LogConfig: Setting CVar [[r.MotionBlurQuality:4]]
[2020.02.04-09.38.39:433][  0]LogConfig: Setting CVar [[r.AmbientOcclusionMipLevelFactor:0.4]]
[2020.02.04-09.38.39:433][  0]LogConfig: Setting CVar [[r.AmbientOcclusionMaxQuality:100]]
[2020.02.04-09.38.39:433][  0]LogConfig: Setting CVar [[r.AmbientOcclusionLevels:-1]]
[2020.02.04-09.38.39:433][  0]LogConfig: Setting CVar [[r.AmbientOcclusionRadiusScale:1.0]]
[2020.02.04-09.38.39:433][  0]LogConfig: Setting CVar [[r.DepthOfFieldQuality:2]]
[2020.02.04-09.38.39:433][  0]LogConfig: Setting CVar [[r.RenderTargetPoolMin:400]]
[2020.02.04-09.38.39:433][  0]LogConfig: Setting CVar [[r.LensFlareQuality:2]]
[2020.02.04-09.38.39:433][  0]LogConfig: Setting CVar [[r.SceneColorFringeQuality:1]]
[2020.02.04-09.38.39:433][  0]LogConfig: Setting CVar [[r.EyeAdaptationQuality:2]]
[2020.02.04-09.38.39:433][  0]LogConfig: Setting CVar [[r.BloomQuality:5]]
[2020.02.04-09.38.39:433][  0]LogConfig: Setting CVar [[r.FastBlurThreshold:100]]
[2020.02.04-09.38.39:433][  0]LogConfig: Setting CVar [[r.Upscale.Quality:3]]
[2020.02.04-09.38.39:433][  0]LogConfig: Setting CVar [[r.Tonemapper.GrainQuantization:1]]
[2020.02.04-09.38.39:433][  0]LogConfig: Setting CVar [[r.LightShaftQuality:1]]
[2020.02.04-09.38.39:433][  0]LogConfig: Setting CVar [[r.Filter.SizeScale:1]]
[2020.02.04-09.38.39:433][  0]LogConfig: Setting CVar [[r.Tonemapper.Quality:5]]
[2020.02.04-09.38.39:433][  0]LogConfig: Setting CVar [[r.DOF.Gather.AccumulatorQuality:1        ; higher gathering accumulator quality]]
[2020.02.04-09.38.39:433][  0]LogConfig: Setting CVar [[r.DOF.Gather.PostfilterMethod:1          ; Median3x3 postfilering method]]
[2020.02.04-09.38.39:434][  0]LogConfig: Setting CVar [[r.DOF.Gather.EnableBokehSettings:0       ; no bokeh simulation when gathering]]
[2020.02.04-09.38.39:434][  0]LogConfig: Setting CVar [[r.DOF.Gather.RingCount:4                 ; medium number of samples when gathering]]
[2020.02.04-09.38.39:434][  0]LogConfig: Setting CVar [[r.DOF.Scatter.ForegroundCompositing:1    ; additive foreground scattering]]
[2020.02.04-09.38.39:434][  0]LogConfig: Setting CVar [[r.DOF.Scatter.BackgroundCompositing:2    ; additive background scattering]]
[2020.02.04-09.38.39:434][  0]LogConfig: Setting CVar [[r.DOF.Scatter.EnableBokehSettings:1      ; bokeh simulation when scattering]]
[2020.02.04-09.38.39:434][  0]LogConfig: Setting CVar [[r.DOF.Scatter.MaxSpriteRatio:0.1         ; only a maximum of 10% of scattered bokeh]]
[2020.02.04-09.38.39:434][  0]LogConfig: Setting CVar [[r.DOF.Recombine.Quality:1                ; cheap slight out of focus]]
[2020.02.04-09.38.39:434][  0]LogConfig: Setting CVar [[r.DOF.Recombine.EnableBokehSettings:0    ; no bokeh simulation on slight out of focus]]
[2020.02.04-09.38.39:434][  0]LogConfig: Setting CVar [[r.DOF.TemporalAAQuality:1                ; more stable temporal accumulation]]
[2020.02.04-09.38.39:434][  0]LogConfig: Setting CVar [[r.DOF.Kernel.MaxForegroundRadius:0.025]]
[2020.02.04-09.38.39:434][  0]LogConfig: Setting CVar [[r.DOF.Kernel.MaxBackgroundRadius:0.025]]
[2020.02.04-09.38.39:434][  0]LogConfig: Applying CVar settings from Section [TextureQuality@3] File [D:/Clone/i360versionmanagenment/MICRO360_Share/Garcia/UE4_1/MyProject/Saved/Config/Windows/Scalability.ini]
[2020.02.04-09.38.39:434][  0]LogConfig: Setting CVar [[r.Streaming.MipBias:0]]
[2020.02.04-09.38.39:434][  0]LogConfig: Setting CVar [[r.Streaming.AmortizeCPUToGPUCopy:0]]
[2020.02.04-09.38.39:434][  0]LogConfig: Setting CVar [[r.Streaming.MaxNumTexturesToStreamPerFrame:0]]
[2020.02.04-09.38.39:434][  0]LogConfig: Setting CVar [[r.Streaming.Boost:1]]
[2020.02.04-09.38.39:434][  0]LogConfig: Setting CVar [[r.MaxAnisotropy:8]]
[2020.02.04-09.38.39:434][  0]LogConfig: Setting CVar [[r.VT.MaxAnisotropy:8]]
[2020.02.04-09.38.39:434][  0]LogConfig: Setting CVar [[r.Streaming.LimitPoolSizeToVRAM:0]]
[2020.02.04-09.38.39:434][  0]LogConfig: Setting CVar [[r.Streaming.PoolSize:1000]]
[2020.02.04-09.38.39:434][  0]LogConfig: Setting CVar [[r.Streaming.MaxEffectiveScreenSize:0]]
[2020.02.04-09.38.39:434][  0]LogConfig: Applying CVar settings from Section [EffectsQuality@3] File [D:/Clone/i360versionmanagenment/MICRO360_Share/Garcia/UE4_1/MyProject/Saved/Config/Windows/Scalability.ini]
[2020.02.04-09.38.39:434][  0]LogConfig: Setting CVar [[r.TranslucencyLightingVolumeDim:64]]
[2020.02.04-09.38.39:434][  0]LogConfig: Setting CVar [[r.RefractionQuality:2]]
[2020.02.04-09.38.39:434][  0]LogConfig: Setting CVar [[r.SSR.Quality:3]]
[2020.02.04-09.38.39:434][  0]LogConfig: Setting CVar [[r.SSR.HalfResSceneColor:0]]
[2020.02.04-09.38.39:434][  0]LogConfig: Setting CVar [[r.SceneColorFormat:4]]
[2020.02.04-09.38.39:434][  0]LogConfig: Setting CVar [[r.DetailMode:2]]
[2020.02.04-09.38.39:434][  0]LogConfig: Setting CVar [[r.TranslucencyVolumeBlur:1]]
[2020.02.04-09.38.39:434][  0]LogConfig: Setting CVar [[r.MaterialQualityLevel:1 ; High quality]]
[2020.02.04-09.38.39:434][  0]LogConfig: Setting CVar [[r.SSS.Scale:1]]
[2020.02.04-09.38.39:434][  0]LogConfig: Setting CVar [[r.SSS.SampleSet:2]]
[2020.02.04-09.38.39:434][  0]LogConfig: Setting CVar [[r.SSS.Quality:1]]
[2020.02.04-09.38.39:434][  0]LogConfig: Setting CVar [[r.SSS.HalfRes:1]]
[2020.02.04-09.38.39:434][  0]LogConfig: Setting CVar [[r.SSGI.Quality:3]]
[2020.02.04-09.38.39:434][  0]LogConfig: Setting CVar [[r.EmitterSpawnRateScale:1.0]]
[2020.02.04-09.38.39:434][  0]LogConfig: Setting CVar [[r.ParticleLightQuality:2]]
[2020.02.04-09.38.39:435][  0]LogConfig: Setting CVar [[r.SkyAtmosphere.AerialPerspectiveLUT.FastApplyOnOpaque:1 ; Always have FastSkyLUT 1 in this case to avoid wrong sky]]
[2020.02.04-09.38.39:435][  0]LogConfig: Setting CVar [[r.SkyAtmosphere.AerialPerspectiveLUT.SampleCountPerSlice:1]]
[2020.02.04-09.38.39:435][  0]LogConfig: Setting CVar [[r.SkyAtmosphere.AerialPerspectiveLUT.DepthResolution:16.0]]
[2020.02.04-09.38.39:435][  0]LogConfig: Setting CVar [[r.SkyAtmosphere.FastSkyLUT:1]]
[2020.02.04-09.38.39:435][  0]LogConfig: Setting CVar [[r.SkyAtmosphere.FastSkyLUT.SampleCountMin:4.0]]
[2020.02.04-09.38.39:435][  0]LogConfig: Setting CVar [[r.SkyAtmosphere.FastSkyLUT.SampleCountMax:32.0]]
[2020.02.04-09.38.39:435][  0]LogConfig: Setting CVar [[r.SkyAtmosphere.SampleCountMin:4.0]]
[2020.02.04-09.38.39:435][  0]LogConfig: Setting CVar [[r.SkyAtmosphere.SampleCountMax:32.0]]
[2020.02.04-09.38.39:435][  0]LogConfig: Setting CVar [[r.SkyAtmosphere.TransmittanceLUT.UseSmallFormat:0]]
[2020.02.04-09.38.39:435][  0]LogConfig: Setting CVar [[r.SkyAtmosphere.TransmittanceLUT.SampleCount:10.0]]
[2020.02.04-09.38.39:435][  0]LogConfig: Setting CVar [[r.SkyAtmosphere.MultiScatteringLUT.SampleCount:15.0]]
[2020.02.04-09.38.39:435][  0]LogConfig: Applying CVar settings from Section [FoliageQuality@3] File [D:/Clone/i360versionmanagenment/MICRO360_Share/Garcia/UE4_1/MyProject/Saved/Config/Windows/Scalability.ini]
[2020.02.04-09.38.39:435][  0]LogConfig: Setting CVar [[foliage.DensityScale:1.0]]
[2020.02.04-09.38.39:435][  0]LogConfig: Setting CVar [[grass.DensityScale:1.0]]
[2020.02.04-09.38.39:435][  0]LogConfig: Applying CVar settings from Section [ShadingQuality@3] File [D:/Clone/i360versionmanagenment/MICRO360_Share/Garcia/UE4_1/MyProject/Saved/Config/Windows/Scalability.ini]
[2020.02.04-09.38.39:435][  0]LogConfig: Setting CVar [[r.HairStrands.SkyLighting.SampleCount:16]]
[2020.02.04-09.38.39:435][  0]LogConfig: Setting CVar [[r.HairStrands.SkyLighting.JitterIntegration:0]]
[2020.02.04-09.38.39:435][  0]LogConfig: Setting CVar [[r.HairStrands.SkyAO.SampleCount:16]]
[2020.02.04-09.38.39:435][  0]LogConfig: Applying CVar settings from Section [Startup] File [../../../Engine/Config/ConsoleVariables.ini]
[2020.02.04-09.38.39:436][  0]LogConfig: Setting CVar [[net.UseAdaptiveNetUpdateFrequency:0]]
[2020.02.04-09.38.39:436][  0]LogConfig: Setting CVar [[p.chaos.AllowCreatePhysxBodies:1]]
[2020.02.04-09.38.39:436][  0]LogConfig: Applying CVar settings from Section [ConsoleVariables] File [D:/Clone/i360versionmanagenment/MICRO360_Share/Garcia/UE4_1/MyProject/Saved/Config/Windows/Engine.ini]
[2020.02.04-09.38.39:436][  0]LogInit: Computer: WS-1
[2020.02.04-09.38.39:436][  0]LogInit: User: Garciat
[2020.02.04-09.38.39:436][  0]LogInit: CPU Page size=4096, Cores=4
[2020.02.04-09.38.39:436][  0]LogInit: High frequency timer resolution =10.000000 MHz
[2020.02.04-09.38.39:436][  0]LogMemory: Memory total: Physical=15.9GB (16GB approx)
[2020.02.04-09.38.39:436][  0]LogMemory: Platform Memory Stats for Windows
[2020.02.04-09.38.39:436][  0]LogMemory: Process Physical Memory: 110.21 MB used, 110.21 MB peak
[2020.02.04-09.38.39:436][  0]LogMemory: Process Virtual Memory: 101.76 MB used, 101.76 MB peak
[2020.02.04-09.38.39:436][  0]LogMemory: Physical Memory: 9605.94 MB used,  6649.87 MB free, 16255.80 MB total
[2020.02.04-09.38.39:436][  0]LogMemory: Virtual Memory: 5138.02 MB used,  134212592.00 MB free, 134217728.00 MB total
[2020.02.04-09.38.39:455][  0]LogWindows: WindowsPlatformFeatures enabled
[2020.02.04-09.38.39:754][  0]LogInit: Using OS detected language (en-US).
[2020.02.04-09.38.39:754][  0]LogInit: Using OS detected locale (en-IN).
[2020.02.04-09.38.39:755][  0]LogTextLocalizationManager: No specific localization for 'en-US' exists, so the 'en' localization will be used.
[2020.02.04-09.38.40:066][  0]LogInit: Setting process to per monitor DPI aware
[2020.02.04-09.38.40:359][  0]LogSlate: New Slate User Created.  User Index 0, Is Virtual User: 0
[2020.02.04-09.38.40:360][  0]LogSlate: Slate User Registered.  User Index 0, Is Virtual User: 0
[2020.02.04-09.38.40:855][  0]LogHMD: Failed to initialize OpenVR with code 126
[2020.02.04-09.38.40:855][  0]LogD3D11RHI: D3D11 min allowed feature level: 11_0
[2020.02.04-09.38.40:855][  0]LogD3D11RHI: D3D11 max allowed feature level: 11_0
[2020.02.04-09.38.40:855][  0]LogD3D11RHI: D3D11 adapters:
[2020.02.04-09.38.41:000][  0]LogD3D11RHI:    0. 'Intel(R) HD Graphics 530' (Feature Level 11_0)
[2020.02.04-09.38.41:001][  0]LogD3D11RHI:       128/0/8127 MB DedicatedVideo/DedicatedSystem/SharedSystem, Outputs:1, VendorId:0x8086
[2020.02.04-09.38.41:279][  0]LogD3D11RHI:    1. 'NVIDIA Quadro P1000' (Feature Level 11_0)
[2020.02.04-09.38.41:279][  0]LogD3D11RHI:       4050/0/8127 MB DedicatedVideo/DedicatedSystem/SharedSystem, Outputs:0, VendorId:0x10de
[2020.02.04-09.38.41:312][  0]LogD3D11RHI:    2. 'Microsoft Basic Render Driver' (Feature Level 11_0)
[2020.02.04-09.38.41:312][  0]LogD3D11RHI:       0/0/8127 MB DedicatedVideo/DedicatedSystem/SharedSystem, Outputs:0, VendorId:0x1414
[2020.02.04-09.38.41:312][  0]LogD3D11RHI: Chosen D3D11 Adapter: 1
[2020.02.04-09.38.41:321][  0]LogD3D11RHI: Creating new Direct3DDevice
[2020.02.04-09.38.41:335][  0]LogD3D11RHI:     GPU DeviceId: 0x1cb1 (for the marketing name, search the web for "GPU Device Id")
[2020.02.04-09.38.41:336][  0]LogWindows: EnumDisplayDevices:
[2020.02.04-09.38.41:336][  0]LogWindows:    0. 'Intel(R) HD Graphics 530' (P:1 D:1)
[2020.02.04-09.38.41:336][  0]LogWindows:    1. 'Intel(R) HD Graphics 530' (P:0 D:0)
[2020.02.04-09.38.41:337][  0]LogWindows:    2. 'Intel(R) HD Graphics 530' (P:0 D:0)
[2020.02.04-09.38.41:337][  0]LogWindows:    3. 'NVIDIA Quadro P1000' (P:0 D:0)
[2020.02.04-09.38.41:337][  0]LogWindows:    4. 'NVIDIA Quadro P1000' (P:0 D:0)
[2020.02.04-09.38.41:337][  0]LogWindows:    5. 'NVIDIA Quadro P1000' (P:0 D:0)
[2020.02.04-09.38.41:338][  0]LogWindows:    6. 'NVIDIA Quadro P1000' (P:0 D:0)
[2020.02.04-09.38.41:338][  0]LogWindows: DebugString: PrimaryIsNotTheChoosenAdapter PrimaryIsNotTheChoosenAdapter PrimaryIsNotTheChoosenAdapter FoundDriverCount:4 
[2020.02.04-09.38.41:338][  0]LogD3D11RHI:     Adapter Name: NVIDIA Quadro P1000
[2020.02.04-09.38.41:338][  0]LogD3D11RHI:   Driver Version: 381.65 (internal:22.21.13.8165, unified:381.65)
[2020.02.04-09.38.41:338][  0]LogD3D11RHI:      Driver Date: 3-31-2017
[2020.02.04-09.38.41:338][  0]LogRHI: Texture pool is 2835 MB (70% of 4050 MB)
[2020.02.04-09.38.41:496][  0]LogD3D11RHI: RHI does not have support for 64 bit atomics
[2020.02.04-09.38.41:496][  0]LogD3D11RHI: Async texture creation enabled
[2020.02.04-09.38.41:506][  0]LogD3D11RHI: GPU Timing Frequency: 1000.000000 (Debug: 2 1)
[2020.02.04-09.38.42:125][  0]LogTargetPlatformManager: Display: Loaded TargetPlatform 'AllDesktop'
[2020.02.04-09.38.42:172][  0]LogTargetPlatformManager: Display: Loaded TargetPlatform 'Android'
[2020.02.04-09.38.42:172][  0]LogTargetPlatformManager: Display: Loaded TargetPlatform 'Android_ASTC'
[2020.02.04-09.38.42:172][  0]LogTargetPlatformManager: Display: Loaded TargetPlatform 'Android_ATC'
[2020.02.04-09.38.42:172][  0]LogTargetPlatformManager: Display: Loaded TargetPlatform 'Android_DXT'
[2020.02.04-09.38.42:172][  0]LogTargetPlatformManager: Display: Loaded TargetPlatform 'Android_ETC1'
[2020.02.04-09.38.42:172][  0]LogTargetPlatformManager: Display: Loaded TargetPlatform 'Android_ETC1a'
[2020.02.04-09.38.42:172][  0]LogTargetPlatformManager: Display: Loaded TargetPlatform 'Android_ETC2'
[2020.02.04-09.38.42:172][  0]LogTargetPlatformManager: Display: Loaded TargetPlatform 'Android_PVRTC'
[2020.02.04-09.38.42:172][  0]LogTargetPlatformManager: Display: Loaded TargetPlatform 'AndroidClient'
[2020.02.04-09.38.42:172][  0]LogTargetPlatformManager: Display: Loaded TargetPlatform 'Android_ASTCClient'
[2020.02.04-09.38.42:172][  0]LogTargetPlatformManager: Display: Loaded TargetPlatform 'Android_ATCClient'
[2020.02.04-09.38.42:172][  0]LogTargetPlatformManager: Display: Loaded TargetPlatform 'Android_DXTClient'
[2020.02.04-09.38.42:172][  0]LogTargetPlatformManager: Display: Loaded TargetPlatform 'Android_ETC1Client'
[2020.02.04-09.38.42:172][  0]LogTargetPlatformManager: Display: Loaded TargetPlatform 'Android_ETC1aClient'
[2020.02.04-09.38.42:172][  0]LogTargetPlatformManager: Display: Loaded TargetPlatform 'Android_ETC2Client'
[2020.02.04-09.38.42:172][  0]LogTargetPlatformManager: Display: Loaded TargetPlatform 'Android_PVRTCClient'
[2020.02.04-09.38.42:172][  0]LogTargetPlatformManager: Display: Loaded TargetPlatform 'Android_Multi'
[2020.02.04-09.38.42:172][  0]LogTargetPlatformManager: Display: Loaded TargetPlatform 'Android_MultiClient'
[2020.02.04-09.38.42:208][  0]LogTargetPlatformManager: Display: Loaded TargetPlatform 'IOSClient'
[2020.02.04-09.38.42:208][  0]LogTargetPlatformManager: Display: Loaded TargetPlatform 'IOS'
[2020.02.04-09.38.42:215][  0]LogTargetPlatformManager: Display: Loaded TargetPlatform 'LinuxNoEditor'
[2020.02.04-09.38.42:222][  0]LogTargetPlatformManager: Display: Loaded TargetPlatform 'LinuxClient'
[2020.02.04-09.38.42:230][  0]LogTargetPlatformManager: Display: Loaded TargetPlatform 'LinuxServer'
[2020.02.04-09.38.42:238][  0]LogTargetPlatformManager: Display: Loaded TargetPlatform 'LinuxAArch64NoEditor'
[2020.02.04-09.38.42:245][  0]LogTargetPlatformManager: Display: Loaded TargetPlatform 'LinuxAArch64Client'
[2020.02.04-09.38.42:252][  0]LogTargetPlatformManager: Display: Loaded TargetPlatform 'LinuxAArch64Server'
[2020.02.04-09.38.42:277][  0]LogTargetPlatformManager: Display: Loaded TargetPlatform 'Lumin'
[2020.02.04-09.38.42:278][  0]LogTargetPlatformManager: Display: Loaded TargetPlatform 'LuminClient'
[2020.02.04-09.38.42:291][  0]LogTargetPlatformManager: Display: Loaded TargetPlatform 'TVOSClient'
[2020.02.04-09.38.42:291][  0]LogTargetPlatformManager: Display: Loaded TargetPlatform 'TVOS'
[2020.02.04-09.38.42:299][  0]LogTargetPlatformManager: Display: Loaded TargetPlatform 'WindowsNoEditor'
[2020.02.04-09.38.42:307][  0]LogTargetPlatformManager: Display: Loaded TargetPlatform 'Windows'
[2020.02.04-09.38.42:314][  0]LogTargetPlatformManager: Display: Loaded TargetPlatform 'WindowsClient'
[2020.02.04-09.38.42:321][  0]LogTargetPlatformManager: Display: Loaded TargetPlatform 'WindowsServer'
[2020.02.04-09.38.42:321][  0]LogTargetPlatformManager: Display: Building Assets For Windows
[2020.02.04-09.38.42:326][  0]LogAudioDebug: Display: Lib vorbis DLL was dynamically loaded.
[2020.02.04-09.38.42:486][  0]LogShaderCompilers: Guid format shader working directory is -21 characters bigger than the processId version (D:/Clone/i360versionmanagenment/MICRO360_Share/Garcia/UE4_1/MyProject/Intermediate/Shaders/WorkingDirectory/30232/).
[2020.02.04-09.38.42:486][  0]LogShaderCompilers: Cleaned the shader compiler working directory 'C:/Users/garcia.t/AppData/Local/Temp/UnrealShaderWorkingDir/2BA16E454F2D6DB4E8C97EBFBDD0F943/'.
[2020.02.04-09.38.42:492][  0]LogXGEController: Cleaning working directory: C:/Users/garcia.t/AppData/Local/Temp/UnrealXGEWorkingDir/
[2020.02.04-09.38.42:493][  0]LogXGEController: Cannot use XGE Controller as Incredibuild is not installed on this machine.
[2020.02.04-09.38.42:493][  0]LogShaderCompilers: Cannot use XGE Shader Compiler as Incredibuild is not installed on this machine.
[2020.02.04-09.38.42:493][  0]LogShaderCompilers: Display: Using Local Shader Compiler.
[2020.02.04-09.38.43:208][  0]LogDerivedDataCache: Display: Max Cache Size: 512 MB
[2020.02.04-09.38.43:262][  0]LogDerivedDataCache: Loaded boot cache 0.05s 78MB C:/Users/garcia.t/AppData/Local/UnrealEngine/4.24/DerivedDataCache/Boot.ddc.
[2020.02.04-09.38.43:262][  0]LogDerivedDataCache: Display: Loaded Boot cache: C:/Users/garcia.t/AppData/Local/UnrealEngine/4.24/DerivedDataCache/Boot.ddc
[2020.02.04-09.38.43:262][  0]LogDerivedDataCache: FDerivedDataBackendGraph:  Pak pak cache file D:/Clone/i360versionmanagenment/MICRO360_Share/Garcia/UE4_1/MyProject/DerivedDataCache/DDC.ddp not found, will not use a pak cache.
[2020.02.04-09.38.43:262][  0]LogDerivedDataCache: Unable to find inner node Pak for hierarchical cache Hierarchy.
[2020.02.04-09.38.43:262][  0]LogDerivedDataCache: FDerivedDataBackendGraph:  CompressedPak pak cache file D:/Clone/i360versionmanagenment/MICRO360_Share/Garcia/UE4_1/MyProject/DerivedDataCache/Compressed.ddp not found, will not use a pak cache.
[2020.02.04-09.38.43:262][  0]LogDerivedDataCache: Unable to find inner node CompressedPak for hierarchical cache Hierarchy.
[2020.02.04-09.38.43:272][  0]LogDerivedDataCache: Display: Pak cache opened for reading ../../../Engine/DerivedDataCache/Compressed.ddp.
[2020.02.04-09.38.43:272][  0]LogDerivedDataCache: FDerivedDataBackendGraph:  EnterprisePak pak cache file ../../../Enterprise/DerivedDataCache/Compressed.ddp not found, will not use a pak cache.
[2020.02.04-09.38.43:272][  0]LogDerivedDataCache: Unable to find inner node EnterprisePak for hierarchical cache Hierarchy.
[2020.02.04-09.38.43:274][  0]LogDerivedDataCache: Using Local data cache path C:/Users/garcia.t/AppData/Local/UnrealEngine/Common/DerivedDataCache: Writable
[2020.02.04-09.38.43:274][  0]LogDerivedDataCache: Shared data cache path not found in *engine.ini, will not use an Shared cache.
[2020.02.04-09.38.43:274][  0]LogDerivedDataCache: Unable to find inner node Shared for hierarchical cache Hierarchy.
[2020.02.04-09.38.43:297][  0]LogMaterial: Verifying Global Shaders for PCD3D_SM5
[2020.02.04-09.38.43:299][  0]LogSlate: Using FreeType 2.10.0
[2020.02.04-09.38.43:301][  0]LogSlate: SlateFontServices - WITH_FREETYPE: 1, WITH_HARFBUZZ: 1
[2020.02.04-09.38.43:389][  0]LogAssetRegistry: FAssetRegistry took 0.0027 seconds to start up
[2020.02.04-09.38.43:680][  0]LogInit: Selected Device Profile: [Windows]
[2020.02.04-09.38.43:969][  0]LogMeshReduction: Using QuadricMeshReduction for automatic static mesh reduction
[2020.02.04-09.38.43:969][  0]LogMeshReduction: Using SimplygonMeshReduction for automatic skeletal mesh reduction
[2020.02.04-09.38.43:969][  0]LogMeshReduction: Using ProxyLODMeshReduction for automatic mesh merging
[2020.02.04-09.38.43:969][  0]LogMeshReduction: No distributed automatic mesh merging module available
[2020.02.04-09.38.43:969][  0]LogMeshMerging: No distributed automatic mesh merging module available
[2020.02.04-09.38.43:981][  0]LogNetVersion: MyProject 1.0.0, NetCL: 10570792, EngineNetVer: 13, GameNetVer: 0 (Checksum: 2318771507)
[2020.02.04-09.38.45:319][  0]LogPackageLocalizationCache: Processed 10 localized package path(s) for 1 prioritized culture(s) in 0.038123 seconds
[2020.02.04-09.38.45:327][  0]LogUObjectArray: 46750 objects as part of root set at end of initial load.
[2020.02.04-09.38.45:327][  0]LogUObjectAllocator: 8137160 out of 0 bytes used by permanent object pool.
[2020.02.04-09.38.45:327][  0]LogUObjectArray: CloseDisregardForGC: 0/0 objects in disregard for GC pool
[2020.02.04-09.38.46:433][  0]LogTcpMessaging: Initializing TcpMessaging bridge
[2020.02.04-09.38.46:435][  0]LogUdpMessaging: Initializing bridge on interface 0.0.0.0:0 to multicast group 230.0.0.1:6666.
[2020.02.04-09.38.46:595][  0]SourceControl: Source control is disabled
[2020.02.04-09.38.46:595][  0]SourceControl: Source control is disabled
[2020.02.04-09.38.46:617][  0]SourceControl: Source control is disabled
[2020.02.04-09.38.46:627][  0]SourceControl: Source control is disabled
[2020.02.04-09.38.46:635][  0]SourceControl: Source control is disabled
[2020.02.04-09.38.46:998][  0]LogAndroidPermission: UAndroidPermissionCallbackProxy::GetInstance
[2020.02.04-09.38.47:009][  0]LogAudioCaptureCore: Display: No Audio Capture implementations found. Audio input will be silent.
[2020.02.04-09.38.47:009][  0]LogAudioCaptureCore: Display: No Audio Capture implementations found. Audio input will be silent.
[2020.02.04-09.38.47:216][  0]LogOcInput: OculusInput pre-init called
[2020.02.04-09.38.47:246][  0]LogWindows: Failed to load 'OVRPlugin.dll' (GetLastError=126)
[2020.02.04-09.38.47:246][  0]LogWindows: File 'OVRPlugin.dll' does not exist
[2020.02.04-09.38.47:394][  0]LogEngine: Initializing Engine...
[2020.02.04-09.38.47:455][  0]LogHMD: Failed to initialize OpenVR with code 126
[2020.02.04-09.38.47:456][  0]LogStats: UGameplayTagsManager::InitializeManager -  0.000 s
[2020.02.04-09.38.47:760][  0]LogInit: Initializing FReadOnlyCVARCache
[2020.02.04-09.38.47:811][  0]LogAIModule: Creating AISystem for world Untitled
[2020.02.04-09.38.47:814][  0]LogAudioMixer: Display: Audio Mixer Platform Settings:
[2020.02.04-09.38.47:814][  0]LogAudioMixer: Display: 	Sample Rate:						  48000
[2020.02.04-09.38.47:814][  0]LogAudioMixer: Display: 	Callback Buffer Frame Size Requested: 1024
[2020.02.04-09.38.47:814][  0]LogAudioMixer: Display: 	Callback Buffer Frame Size To Use:	  1024
[2020.02.04-09.38.47:814][  0]LogAudioMixer: Display: 	Number of buffers to queue:			  2
[2020.02.04-09.38.47:814][  0]LogAudioMixer: Display: 	Max Channels (voices):				  32
[2020.02.04-09.38.47:814][  0]LogAudioMixer: Display: 	Number of Async Source Workers:		  0
[2020.02.04-09.38.47:814][  0]LogAudio: Display: AudioDevice MaxSources: 32
[2020.02.04-09.38.47:814][  0]LogAudio: Display: Using built-in audio occlusion.
[2020.02.04-09.38.47:814][  0]LogAudioMixer: Display: Initializing audio mixer.
[2020.02.04-09.38.47:863][  0]LogAudioMixer: Display: Audio Device Output Speaker Info:
[2020.02.04-09.38.47:863][  0]LogAudioMixer: Display: Name: Speakers / Headphones (Realtek Audio)
[2020.02.04-09.38.47:863][  0]LogAudioMixer: Display: Is Default: Yes
[2020.02.04-09.38.47:863][  0]LogAudioMixer: Display: Sample Rate: 48000
[2020.02.04-09.38.47:863][  0]LogAudioMixer: Display: Channel Count Used: 2
[2020.02.04-09.38.47:863][  0]LogAudioMixer: Display: Device Channel Count: 2
[2020.02.04-09.38.47:863][  0]LogAudioMixer: Display: Channel Order:
[2020.02.04-09.38.47:863][  0]LogAudioMixer: Display: 0: FrontLeft
[2020.02.04-09.38.47:863][  0]LogAudioMixer: Display: 1: FrontRight
[2020.02.04-09.38.48:048][  0]LogAudioMixer: Display: Using Audio Device Speakers / Headphones (Realtek Audio)
[2020.02.04-09.38.48:053][  0]LogInit: FAudioDevice initialized.
[2020.02.04-09.38.48:054][  0]LogNetVersion: Set ProjectVersion to 1.0.0.0. Version Checksum will be recalculated on next use.
[2020.02.04-09.38.48:289][  0]LogDerivedDataCache: Saved boot cache 0.24s 78MB C:/Users/garcia.t/AppData/Local/UnrealEngine/4.24/DerivedDataCache/Boot.ddc.
[2020.02.04-09.38.48:289][  0]LogInit: Texture streaming: Enabled
[2020.02.04-09.38.48:308][  0]LogEngineSessionManager: EngineSessionManager initialized
[2020.02.04-09.38.48:308][  0]LogEditorSessionSummary: Verbose: Initializing EditorSessionSummaryWriter for editor session tracking
[2020.02.04-09.38.48:319][  0]LogEditorSessionSummary: EditorSessionSummaryWriter initialized
[2020.02.04-09.38.48:597][  0]LogInit: Transaction tracking system initialized
[2020.02.04-09.38.48:663][  0]BlueprintLog: New page: Editor Load
[2020.02.04-09.38.48:994][  0]LocalizationService: Localization service is disabled
[2020.02.04-09.38.49:447][  0]LogFileCache: Scanning file cache for directory 'D:/Clone/i360versionmanagenment/MICRO360_Share/Garcia/UE4_1/MyProject/Content/' took 0.00s
[2020.02.04-09.38.49:447][  0]LogCook: Display: Max memory allowance for cook 16384mb min free memory 0mb
[2020.02.04-09.38.49:447][  0]LogCook: Display: Mobile HDR setting 1
[2020.02.04-09.38.50:609][  0]SourceControl: Source control is disabled
[2020.02.04-09.38.50:610][  0]Cmd: MAP LOAD FILE="../../../Engine/Content/Maps/Templates/Template_Default.umap" TEMPLATE=1 SHOWPROGRESS=1 FEATURELEVEL=3
[2020.02.04-09.38.50:610][  0]LightingResults: New page: Lighting Build
[2020.02.04-09.38.50:619][  0]LogWorld: UWorld::CleanupWorld for Untitled, bSessionEnded=true, bCleanupResources=true
[2020.02.04-09.38.50:619][  0]LogSlate: InvalidateAllWidgets triggered.  All widgets were invalidated
[2020.02.04-09.38.50:619][  0]MapCheck: New page: Map Check
[2020.02.04-09.38.50:619][  0]LightingResults: New page: Lighting Build
[2020.02.04-09.38.50:641][  0]LogUObjectHash: Compacting FUObjectHashTables data took   1.44ms
[2020.02.04-09.38.50:742][  0]LogAIModule: Creating AISystem for world Untitled_1
[2020.02.04-09.38.50:746][  0]LogEditorServer: Finished looking for orphan Actors (0.000 secs)
[2020.02.04-09.38.50:769][  0]LogUObjectHash: Compacting FUObjectHashTables data took   1.95ms
[2020.02.04-09.38.50:769][  0]Cmd: MAP CHECKDEP NOCLEARLOG
[2020.02.04-09.38.50:769][  0]MapCheck: Map check complete: 0 Error(s), 0 Warning(s), took 0.085ms to complete.
[2020.02.04-09.38.50:769][  0]LogFileHelpers: Loading map 'Template_Default' took 0.159
[2020.02.04-09.38.52:258][  0]LogSlate: Updating window title bar state: overlay mode, drag disabled, window buttons hidden, title bar hidden
[2020.02.04-09.38.52:264][  0]LogSlate: Updating window title bar state: overlay mode, drag disabled, window buttons hidden, title bar hidden
[2020.02.04-09.38.52:271][  0]LogSlate: Updating window title bar state: overlay mode, drag disabled, window buttons hidden, title bar hidden
[2020.02.04-09.38.52:278][  0]LogSlate: Updating window title bar state: overlay mode, drag disabled, window buttons hidden, title bar hidden
[2020.02.04-09.38.52:406][  0]LogCollectionManager: Loaded 0 collections in 0.001836 seconds
[2020.02.04-09.38.52:419][  0]LogFileCache: Scanning file cache for directory 'D:/Clone/i360versionmanagenment/MICRO360_Share/Garcia/UE4_1/MyProject/Saved/Collections/' took 0.00s
[2020.02.04-09.38.52:419][  0]LogFileCache: Scanning file cache for directory 'D:/Clone/i360versionmanagenment/MICRO360_Share/Garcia/UE4_1/MyProject/Content/Developers/Garciat/Collections/' took 0.00s
[2020.02.04-09.38.52:419][  0]LogFileCache: Scanning file cache for directory 'D:/Clone/i360versionmanagenment/MICRO360_Share/Garcia/UE4_1/MyProject/Content/Collections/' took 0.00s
[2020.02.04-09.38.52:419][  0]LogContentBrowser: Native class hierarchy populated in 0.0082 seconds. Added 3019 classes and 723 folders.
[2020.02.04-09.38.52:447][  0]LogContentBrowser: Native class hierarchy updated for 'WidgetCarousel' in 0.0003 seconds. Added 0 classes and 0 folders.
[2020.02.04-09.38.52:512][  0]LogContentBrowser: Native class hierarchy updated for 'AddContentDialog' in 0.0003 seconds. Added 0 classes and 0 folders.
[2020.02.04-09.38.52:523][  0]LogSlate: Updating window title bar state: overlay mode, drag disabled, window buttons hidden, title bar hidden
[2020.02.04-09.38.52:529][  0]LogSlate: Updating window title bar state: overlay mode, drag disabled, window buttons hidden, title bar hidden
[2020.02.04-09.38.52:535][  0]LogSlate: Updating window title bar state: overlay mode, drag disabled, window buttons hidden, title bar hidden
[2020.02.04-09.38.52:542][  0]LogSlate: Updating window title bar state: overlay mode, drag disabled, window buttons hidden, title bar hidden
[2020.02.04-09.38.52:585][  0]LogSlate: Updating window title bar state: overlay mode, drag disabled, window buttons hidden, title bar hidden
[2020.02.04-09.38.52:591][  0]LogSlate: Updating window title bar state: overlay mode, drag disabled, window buttons hidden, title bar hidden
[2020.02.04-09.38.52:597][  0]LogSlate: Updating window title bar state: overlay mode, drag disabled, window buttons hidden, title bar hidden
[2020.02.04-09.38.52:603][  0]LogSlate: Updating window title bar state: overlay mode, drag disabled, window buttons hidden, title bar hidden
[2020.02.04-09.38.52:679][  0]LogSlate: Took 0.000665 seconds to synchronously load lazily loaded font '../../../Engine/Content/Slate/Fonts/Roboto-Regular.ttf' (155K)
[2020.02.04-09.38.52:682][  0]LogSlate: Took 0.000270 seconds to synchronously load lazily loaded font '../../../Engine/Content/Slate/Fonts/Roboto-Bold.ttf' (160K)
[2020.02.04-09.38.52:684][  0]LogSlate: Took 0.000281 seconds to synchronously load lazily loaded font '../../../Engine/Content/Editor/Slate/Fonts/FontAwesome.ttf' (139K)
[2020.02.04-09.38.52:767][  0]LogRenderer: Reallocating scene render targets to support 968x396 Format 10 NumSamples 1 (Frame:1).
[2020.02.04-09.38.52:812][  0]LogRenderer: Reallocating scene render targets to support 968x1088 Format 10 NumSamples 1 (Frame:2).
[2020.02.04-09.38.53:009][  0]LogContentBrowser: Native class hierarchy updated for 'HierarchicalLODOutliner' in 0.0003 seconds. Added 0 classes and 0 folders.
[2020.02.04-09.38.53:009][  0]LogLoad: (Engine Initialization) Total time: 18.74 seconds
[2020.02.04-09.38.53:009][  0]LogLoad: (Engine Initialization) Total Blueprint compile time: 0.00 seconds
[2020.02.04-09.38.53:083][  0]LogContentStreaming: Texture pool size now 1000 MB
[2020.02.04-09.38.53:126][  0]LogSlate: Took 0.000327 seconds to synchronously load lazily loaded font '../../../Engine/Content/Slate/Fonts/Roboto-Light.ttf' (167K)
[2020.02.04-09.38.53:190][  1]LogAssetRegistry: Asset discovery search completed in 9.8017 seconds
[2020.02.04-09.38.53:193][  1]LogCollectionManager: Fixed up redirectors for 0 collections in 0.000007 seconds (updated 0 objects)
[2020.02.04-09.39.12:111][376]LogSlate: Window 'Message' being destroyed
[2020.02.04-09.39.12:131][376]LogSlate: Window 'Save Level As' being destroyed
[2020.02.04-09.39.12:153][376]LogSlate: Took 0.000311 seconds to synchronously load lazily loaded font '../../../Engine/Content/Slate/Fonts/Roboto-Light.ttf' (167K)
[2020.02.04-09.39.12:176][376]Cmd: OBJ SAVEPACKAGE PACKAGE="/Game/NewMap" FILE="D:/Clone/i360versionmanagenment/MICRO360_Share/Garcia/UE4_1/MyProject/Content/NewMap.umap" SILENT=true AUTOSAVING=false KEEPDIRTY=false
[2020.02.04-09.39.12:196][376]LogUObjectHash: Compacting FUObjectHashTables data took   0.78ms
[2020.02.04-09.39.12:272][376]LogSavePackage: Moving 'D:/Clone/i360versionmanagenment/MICRO360_Share/Garcia/UE4_1/MyProject/Saved/NewMap90C46A024D43956D181BD88D5FD3E389.tmp' to 'D:/Clone/i360versionmanagenment/MICRO360_Share/Garcia/UE4_1/MyProject/Content/NewMap.umap'
[2020.02.04-09.39.12:286][376]Cmd: OBJ SAVEPACKAGE PACKAGE="/Game/NewMap_BuiltData" FILE="D:/Clone/i360versionmanagenment/MICRO360_Share/Garcia/UE4_1/MyProject/Content/NewMap_BuiltData.uasset" SILENT=true
[2020.02.04-09.39.12:340][376]LogSavePackage: Moving 'D:/Clone/i360versionmanagenment/MICRO360_Share/Garcia/UE4_1/MyProject/Saved/NewMap_BuiltData577D218C43B679AF2F0C62AB76A84807.tmp' to 'D:/Clone/i360versionmanagenment/MICRO360_Share/Garcia/UE4_1/MyProject/Content/NewMap_BuiltData.uasset'
[2020.02.04-09.39.12:352][376]LogFileHelpers: Saving map 'NewMap' took 0.209
[2020.02.04-09.39.12:358][376]AssetCheck: New page: Asset Save: multiple assets
[2020.02.04-09.39.12:358][376]LogContentValidation: Display: Validating World /Game/NewMap.NewMap
[2020.02.04-09.39.12:358][376]LogContentValidation: Display: Validating MapBuildDataRegistry /Game/NewMap_BuiltData.NewMap_BuiltData
[2020.02.04-09.41.15:740][ 49]LogAssetEditorSubsystem: Opening Asset editor for Material /Game/GT_materials.GT_materials
[2020.02.04-09.41.15:903][ 49]LogMaterial: Display: Missing cached shader map for material GT_materials, compiling. 
[2020.02.04-09.41.17:309][ 49]LogMaterial: Display: Missing cached shader map for material GT_materials, compiling. 
[2020.02.04-09.41.17:323][ 49]LogShaderCompilers: Display: Worker (1/5): shaders left to compile 9
[2020.02.04-09.41.17:323][ 49]LogShaderCompilers: Display: Worker (2/5): shaders left to compile 8
[2020.02.04-09.41.17:323][ 49]LogShaderCompilers: Display: Worker (3/5): shaders left to compile 7
[2020.02.04-09.41.17:323][ 49]LogShaderCompilers: Display: Worker (4/5): shaders left to compile 6
[2020.02.04-09.41.17:348][ 49]LogSlate: Took 0.000385 seconds to synchronously load lazily loaded font '../../../Engine/Content/Slate/Fonts/Roboto-BoldCondensed.ttf' (158K)
[2020.02.04-09.41.19:294][126]LogShaderCompilers: Display: Worker (3/5): shaders left to compile 5
[2020.02.04-09.41.19:459][133]LogShaderCompilers: Display: Worker (1/5): shaders left to compile 4
[2020.02.04-09.41.19:502][135]LogShaderCompilers: Display: Worker (2/5): shaders left to compile 3
[2020.02.04-09.41.19:502][135]LogShaderCompilers: Display: Worker (4/5): shaders left to compile 2
[2020.02.04-09.41.19:940][158]LogShaderCompilers: Display: Worker (1/5): shaders left to compile 1
[2020.02.04-09.41.20:524][184]MaterialEditorStats: Base pass shader: 117 instructions
[2020.02.04-09.41.20:524][184]MaterialEditorStats: Base pass shader with Volumetric Lightmap: 191 instructions
[2020.02.04-09.41.20:524][184]MaterialEditorStats: Base pass vertex shader: 40 instructions
[2020.02.04-09.41.20:524][184]MaterialEditorStats: Texture samplers: 2/16
[2020.02.04-09.41.20:849][207]LogMaterial: Display: Missing cached shader map for material GT_materials, compiling. 
[2020.02.04-09.41.20:861][207]LogMaterial: Display: Missing cached shader map for material FMatExpressionPreview MaterialExpressionConstant3Vector_0, compiling. 
[2020.02.04-09.41.20:924][208]LogShaderCompilers: Display: Worker (1/5): shaders left to compile 9
[2020.02.04-09.41.20:924][208]LogShaderCompilers: Display: Worker (2/5): shaders left to compile 8
[2020.02.04-09.41.20:924][208]LogShaderCompilers: Display: Worker (3/5): shaders left to compile 7
[2020.02.04-09.41.20:924][208]LogShaderCompilers: Display: Worker (4/5): shaders left to compile 6
[2020.02.04-09.41.21:332][225]LogShaderCompilers: Display: Worker (3/5): shaders left to compile 9
[2020.02.04-09.41.21:717][244]LogShaderCompilers: Display: Worker (1/5): shaders left to compile 8
[2020.02.04-09.41.21:717][244]LogShaderCompilers: Display: Worker (4/5): shaders left to compile 7
[2020.02.04-09.41.21:740][245]LogShaderCompilers: Display: Worker (2/5): shaders left to compile 6
[2020.02.04-09.41.22:276][267]LogShaderCompilers: Display: Worker (3/5): shaders left to compile 5
[2020.02.04-09.41.22:276][267]LogShaderCompilers: Display: Worker (1/5): shaders left to compile 4
[2020.02.04-09.41.22:361][273]LogShaderCompilers: Display: Worker (4/5): shaders left to compile 3
[2020.02.04-09.41.22:412][276]LogShaderCompilers: Display: Worker (2/5): shaders left to compile 2
[2020.02.04-09.41.22:641][288]LogShaderCompilers: Display: Worker (3/5): shaders left to compile 1
[2020.02.04-09.41.23:091][314]LogMaterial: Display: Missing cached shader map for material GT_materials, compiling. 
[2020.02.04-09.41.23:116][314]LogMaterial: Display: Missing cached shader map for material FMatExpressionPreview MaterialExpressionConstant3Vector_0, compiling. 
[2020.02.04-09.41.23:124][314]LogShaderCompilers: Display: Worker (1/5): shaders left to compile 9
[2020.02.04-09.41.23:124][314]LogShaderCompilers: Display: Worker (2/5): shaders left to compile 8
[2020.02.04-09.41.23:124][314]LogShaderCompilers: Display: Worker (3/5): shaders left to compile 7
[2020.02.04-09.41.23:124][314]LogShaderCompilers: Display: Worker (4/5): shaders left to compile 6
[2020.02.04-09.41.23:642][338]LogShaderCompilers: Display: Worker (3/5): shaders left to compile 9
[2020.02.04-09.41.23:968][354]LogShaderCompilers: Display: Worker (1/5): shaders left to compile 8
[2020.02.04-09.41.24:011][356]LogShaderCompilers: Display: Worker (4/5): shaders left to compile 7
[2020.02.04-09.41.24:029][357]LogShaderCompilers: Display: Worker (2/5): shaders left to compile 6
[2020.02.04-09.41.24:504][375]LogShaderCompilers: Display: Worker (1/5): shaders left to compile 5
[2020.02.04-09.41.24:504][375]LogShaderCompilers: Display: Worker (3/5): shaders left to compile 4
[2020.02.04-09.41.24:620][375]LogShaderCompilers: Display: Worker (4/5): shaders left to compile 3
[2020.02.04-09.41.24:620][375]LogShaderCompilers: Display: Worker (2/5): shaders left to compile 2
[2020.02.04-09.41.24:878][388]LogShaderCompilers: Display: Worker (1/5): shaders left to compile 1
[2020.02.04-09.41.24:903][389]MaterialEditorStats: Base pass shader: 117 instructions
[2020.02.04-09.41.24:903][389]MaterialEditorStats: Base pass shader with Volumetric Lightmap: 191 instructions
[2020.02.04-09.41.24:903][389]MaterialEditorStats: Base pass vertex shader: 40 instructions
[2020.02.04-09.41.24:903][389]MaterialEditorStats: Texture samplers: 2/16
[2020.02.04-09.41.25:942][467]LogMaterial: Display: Missing cached shader map for material GT_materials, compiling. 
[2020.02.04-09.41.25:988][467]LogShaderCompilers: Display: Worker (1/5): shaders left to compile 9
[2020.02.04-09.41.25:988][467]LogShaderCompilers: Display: Worker (2/5): shaders left to compile 8
[2020.02.04-09.41.25:988][467]LogShaderCompilers: Display: Worker (3/5): shaders left to compile 7
[2020.02.04-09.41.25:988][467]LogShaderCompilers: Display: Worker (4/5): shaders left to compile 6
[2020.02.04-09.41.25:988][467]LogMaterial: Display: Missing cached shader map for material FMatExpressionPreview MaterialExpressionConstant3Vector_0, compiling. 
[2020.02.04-09.41.26:500][490]LogShaderCompilers: Display: Worker (3/5): shaders left to compile 9
[2020.02.04-09.41.26:782][505]LogShaderCompilers: Display: Worker (1/5): shaders left to compile 8
[2020.02.04-09.41.26:833][508]LogShaderCompilers: Display: Worker (2/5): shaders left to compile 7
[2020.02.04-09.41.26:833][508]LogShaderCompilers: Display: Worker (4/5): shaders left to compile 6
[2020.02.04-09.41.27:282][533]LogShaderCompilers: Display: Worker (1/5): shaders left to compile 5
[2020.02.04-09.41.27:323][534]LogMaterial: Display: Missing cached shader map for material GT_materials, compiling. 
[2020.02.04-09.41.27:349][534]LogMaterial: Display: Missing cached shader map for material FMatExpressionPreview MaterialExpressionConstant3Vector_0, compiling. 
[2020.02.04-09.41.27:523][542]LogShaderCompilers: Display: Worker (2/5): shaders left to compile 13
[2020.02.04-09.41.27:547][543]LogShaderCompilers: Display: Worker (4/5): shaders left to compile 12
[2020.02.04-09.41.27:750][553]LogShaderCompilers: Display: Worker (3/5): shaders left to compile 11
[2020.02.04-09.41.27:843][558]LogShaderCompilers: Display: Worker (1/5): shaders left to compile 10
[2020.02.04-09.41.28:332][581]LogShaderCompilers: Display: Worker (3/5): shaders left to compile 9
[2020.02.04-09.41.28:508][590]LogShaderCompilers: Display: Worker (2/5): shaders left to compile 8
[2020.02.04-09.41.28:648][597]LogShaderCompilers: Display: Worker (4/5): shaders left to compile 7
[2020.02.04-09.41.28:791][604]LogShaderCompilers: Display: Worker (1/5): shaders left to compile 6
[2020.02.04-09.41.29:061][616]LogShaderCompilers: Display: Worker (2/5): shaders left to compile 5
[2020.02.04-09.41.29:301][627]LogShaderCompilers: Display: Worker (3/5): shaders left to compile 4
[2020.02.04-09.41.29:535][639]LogShaderCompilers: Display: Worker (4/5): shaders left to compile 3
[2020.02.04-09.41.29:609][640]LogShaderCompilers: Display: Worker (2/5): shaders left to compile 2
[2020.02.04-09.41.29:609][640]LogMaterial: Display: Missing cached shader map for material GT_materials, compiling. 
[2020.02.04-09.41.29:634][640]LogShaderCompilers: Display: Worker (1/5): shaders left to compile 9
[2020.02.04-09.41.29:634][640]LogMaterial: Display: Missing cached shader map for material FMatExpressionPreview MaterialExpressionConstant3Vector_0, compiling. 
[2020.02.04-09.41.29:646][640]LogSlate: Window 'Color Picker' being destroyed
[2020.02.04-09.41.29:845][641]LogShaderCompilers: Display: Worker (3/5): shaders left to compile 12
[2020.02.04-09.41.30:000][648]LogShaderCompilers: Display: Worker (2/5): shaders left to compile 11
[2020.02.04-09.41.30:067][650]LogShaderCompilers: Display: Worker (4/5): shaders left to compile 10
[2020.02.04-09.41.30:582][676]LogShaderCompilers: Display: Worker (1/5): shaders left to compile 9
[2020.02.04-09.41.30:790][686]LogShaderCompilers: Display: Worker (2/5): shaders left to compile 8
[2020.02.04-09.41.30:902][692]LogShaderCompilers: Display: Worker (3/5): shaders left to compile 7
[2020.02.04-09.41.31:312][712]LogShaderCompilers: Display: Worker (4/5): shaders left to compile 6
[2020.02.04-09.41.31:593][726]LogShaderCompilers: Display: Worker (2/5): shaders left to compile 5
[2020.02.04-09.41.32:478][738]LogShaderCompilers: Display: Worker (3/5): shaders left to compile 4
[2020.02.04-09.41.32:478][738]LogShaderCompilers: Display: Worker (1/5): shaders left to compile 3
[2020.02.04-09.41.32:478][738]LogShaderCompilers: Display: Worker (2/5): shaders left to compile 2
[2020.02.04-09.41.32:478][738]LogShaderCompilers: Display: Worker (4/5): shaders left to compile 1
[2020.02.04-09.41.32:479][738]MaterialEditorStats: Base pass shader: 118 instructions
[2020.02.04-09.41.32:479][738]MaterialEditorStats: Base pass shader with Volumetric Lightmap: 192 instructions
[2020.02.04-09.41.32:479][738]MaterialEditorStats: Base pass vertex shader: 40 instructions
[2020.02.04-09.41.32:479][738]MaterialEditorStats: Texture samplers: 2/16
[2020.02.04-09.41.34:410][889]LogMaterialEditor: Saving and Compiling material GT_materials
[2020.02.04-09.41.34:899][889]LogMaterial: Display: Missing cached shader map for material GT_materials, compiling. 
[2020.02.04-09.41.34:930][889]LogShaderCompilers: Display: Worker (1/5): shaders left to compile 9
[2020.02.04-09.41.34:930][889]LogShaderCompilers: Display: Worker (2/5): shaders left to compile 8
[2020.02.04-09.41.34:930][889]LogShaderCompilers: Display: Worker (3/5): shaders left to compile 7
[2020.02.04-09.41.34:930][889]LogShaderCompilers: Display: Worker (4/5): shaders left to compile 6
[2020.02.04-09.41.35:070][889]LogMaterial: Display: Missing cached shader map for material GT_materials, compiling. 
[2020.02.04-09.41.35:132][889]LogUObjectHash: Compacting FUObjectHashTables data took   3.16ms
[2020.02.04-09.41.35:181][889]LogMaterial: Display: Missing cached shader map for material DebugViewMode MaterialTexCoordScale, compiling. 
[2020.02.04-09.41.36:120][889]LogShaderCompilers: Display: Worker (3/5): shaders left to compile 22
[2020.02.04-09.41.36:120][889]LogShaderCompilers: Display: Worker (1/5): shaders left to compile 21
[2020.02.04-09.41.36:120][889]LogShaderCompilers: Display: Worker (4/5): shaders left to compile 20
[2020.02.04-09.41.36:120][889]LogShaderCompilers: Display: Worker (2/5): shaders left to compile 19
[2020.02.04-09.41.36:120][889]LogShaderCompilers: Display: Worker (3/5): shaders left to compile 18
[2020.02.04-09.41.36:120][889]LogShaderCompilers: Display: Worker (1/5): shaders left to compile 17
[2020.02.04-09.41.36:120][889]LogShaderCompilers: Display: Worker (4/5): shaders left to compile 16
[2020.02.04-09.41.36:120][889]LogShaderCompilers: Display: Worker (1/5): shaders left to compile 15
[2020.02.04-09.41.36:120][889]LogShaderCompilers: Display: Worker (2/5): shaders left to compile 11
[2020.02.04-09.41.36:120][889]LogShaderCompilers: Display: Worker (3/5): shaders left to compile 8
[2020.02.04-09.41.36:120][889]LogShaderCompilers: Display: Worker (4/5): shaders left to compile 5
[2020.02.04-09.41.36:127][889]TextureStreamingBuild: Display: Compiling optional shaders took 0.993 seconds.
[2020.02.04-09.41.36:156][889]LogUObjectHash: Compacting FUObjectHashTables data took   0.83ms
[2020.02.04-09.41.37:363][889]LogShaderCompilers: Display: Worker (4/5): shaders left to compile 3
[2020.02.04-09.41.37:363][889]LogShaderCompilers: Display: Worker (2/5): shaders left to compile 2
[2020.02.04-09.41.37:363][889]LogShaderCompilers: Display: Worker (1/5): shaders left to compile 1
[2020.02.04-09.41.37:437][889]Cmd: OBJ SAVEPACKAGE PACKAGE="/Game/GT_materials" FILE="D:/Clone/i360versionmanagenment/MICRO360_Share/Garcia/UE4_1/MyProject/Content/GT_materials.uasset" SILENT=true
[2020.02.04-09.41.37:446][889]LogSavePackage: Moving 'D:/Clone/i360versionmanagenment/MICRO360_Share/Garcia/UE4_1/MyProject/Saved/GT_materials441B7C874C5EECDE619F9B8B91E6818C.tmp' to 'D:/Clone/i360versionmanagenment/MICRO360_Share/Garcia/UE4_1/MyProject/Content/GT_materials.uasset'
[2020.02.04-09.41.37:491][889]AssetCheck: New page: Asset Save: GT_materials
[2020.02.04-09.41.37:491][889]LogContentValidation: Display: Validating Material /Game/GT_materials.GT_materials
[2020.02.04-09.41.37:504][889]MaterialEditorStats: Base pass shader: 118 instructions
[2020.02.04-09.41.37:504][889]MaterialEditorStats: Base pass shader with Volumetric Lightmap: 192 instructions
[2020.02.04-09.41.37:504][889]MaterialEditorStats: Base pass vertex shader: 40 instructions
[2020.02.04-09.41.37:504][889]MaterialEditorStats: Texture samplers: 3/16
[2020.02.04-09.41.41:920][208]LogSlate: Window 'GT_materials' being destroyed
[2020.02.04-09.41.41:927][208]LogSlate: Window 'GT_materials' being destroyed
[2020.02.04-09.41.42:027][208]LogWorld: UWorld::CleanupWorld for World_1, bSessionEnded=true, bCleanupResources=true
[2020.02.04-09.41.42:027][208]LogSlate: InvalidateAllWidgets triggered.  All widgets were invalidated
[2020.02.04-09.41.43:863][370]LogMaterial: Display: Material /Game/GT_materials.GT_materials needed to have new flag set bUsedWithStaticLighting !
[2020.02.04-09.41.43:927][370]LogMaterial: Display: Missing cached shader map for material GT_materials, compiling. 
[2020.02.04-09.41.43:981][371]LogShaderCompilers: Display: Worker (1/5): shaders left to compile 24
[2020.02.04-09.41.43:981][371]LogShaderCompilers: Display: Worker (2/5): shaders left to compile 17
[2020.02.04-09.41.43:981][371]LogShaderCompilers: Display: Worker (3/5): shaders left to compile 10
[2020.02.04-09.41.43:981][371]LogShaderCompilers: Display: Worker (4/5): shaders left to compile 3
[2020.02.04-09.41.54:104][424]Cmd: OBJ SAVEPACKAGE PACKAGE="/Game/NewMap" FILE="D:/Clone/i360versionmanagenment/MICRO360_Share/Garcia/UE4_1/MyProject/Content/NewMap.umap" SILENT=true AUTOSAVING=false KEEPDIRTY=false
[2020.02.04-09.41.54:130][424]LogUObjectHash: Compacting FUObjectHashTables data took   1.96ms
[2020.02.04-09.41.54:158][424]LogSavePackage: Moving 'D:/Clone/i360versionmanagenment/MICRO360_Share/Garcia/UE4_1/MyProject/Saved/NewMapD4F210234727B8B6FA7194AA72979AFD.tmp' to 'D:/Clone/i360versionmanagenment/MICRO360_Share/Garcia/UE4_1/MyProject/Content/NewMap.umap'
[2020.02.04-09.41.54:198][424]Cmd: OBJ SAVEPACKAGE PACKAGE="/Game/NewMap_BuiltData" FILE="D:/Clone/i360versionmanagenment/MICRO360_Share/Garcia/UE4_1/MyProject/Content/NewMap_BuiltData.uasset" SILENT=true
[2020.02.04-09.41.54:207][424]LogSavePackage: Moving 'D:/Clone/i360versionmanagenment/MICRO360_Share/Garcia/UE4_1/MyProject/Saved/NewMap_BuiltData5F1C792B4F6781E959351FB0D66EA060.tmp' to 'D:/Clone/i360versionmanagenment/MICRO360_Share/Garcia/UE4_1/MyProject/Content/NewMap_BuiltData.uasset'
[2020.02.04-09.41.54:229][424]AssetCheck: New page: Asset Save: multiple assets
[2020.02.04-09.41.54:230][424]LogContentValidation: Display: Validating World /Game/NewMap.NewMap
[2020.02.04-09.41.54:230][424]LogContentValidation: Display: Validating MapBuildDataRegistry /Game/NewMap_BuiltData.NewMap_BuiltData
[2020.02.04-09.51.54:594][705]LogUObjectHash: Compacting FUObjectHashTables data took   1.96ms
[2020.02.04-09.51.54:596][705]LogFileHelpers: Editor autosave (incl. sublevels) for '/Game/NewMap' took 0.026
[2020.02.04-09.51.54:596][705]OBJ SavePackage: Generating thumbnails for [0] asset(s) in package [/Game/GT_materials] ([1] browsable assets)...
[2020.02.04-09.51.54:596][705]OBJ SavePackage: Finished generating thumbnails for package [/Game/GT_materials]
[2020.02.04-09.51.54:596][705]Cmd: OBJ SAVEPACKAGE PACKAGE="/Game/GT_materials" FILE="D:/Clone/i360versionmanagenment/MICRO360_Share/Garcia/UE4_1/MyProject/Saved/Autosaves/Game/GT_materials_Auto1.uasset" SILENT=false AUTOSAVING=true
[2020.02.04-09.51.54:627][705]LogSavePackage: Moving 'D:/Clone/i360versionmanagenment/MICRO360_Share/Garcia/UE4_1/MyProject/Saved/GT_materials_Auto1939DFE3E43ACDA8624879296B92E632E.tmp' to 'D:/Clone/i360versionmanagenment/MICRO360_Share/Garcia/UE4_1/MyProject/Saved/Autosaves/Game/GT_materials_Auto1.uasset'
[2020.02.04-09.51.54:629][705]LogFileHelpers: Auto-saving content packages took 0.034
[2020.02.04-09.55.20:551][114]Cmd: OBJ SAVEPACKAGE PACKAGE="/Game/NewMaterial" FILE="D:/Clone/i360versionmanagenment/MICRO360_Share/Garcia/UE4_1/MyProject/Content/NewMaterial.uasset" SILENT=true
[2020.02.04-09.55.20:561][114]LogSavePackage: Moving 'D:/Clone/i360versionmanagenment/MICRO360_Share/Garcia/UE4_1/MyProject/Saved/NewMaterialB8F9D94C462973E07B2DADB9A61AFFA7.tmp' to 'D:/Clone/i360versionmanagenment/MICRO360_Share/Garcia/UE4_1/MyProject/Content/NewMaterial.uasset'
[2020.02.04-09.55.20:573][114]AssetCheck: New page: Asset Save: NewMaterial
[2020.02.04-09.55.20:573][114]LogContentValidation: Display: Validating Material /Game/NewMaterial.NewMaterial
[2020.02.04-09.57.04:944][384]LogAssetEditorSubsystem: Opening Asset editor for Material /Game/NewMaterial.NewMaterial
[2020.02.04-09.57.05:015][384]LogMaterial: Display: Missing cached shader map for material NewMaterial, compiling. 
[2020.02.04-09.57.05:233][384]LogMaterial: Display: Missing cached shader map for material NewMaterial, compiling. 
[2020.02.04-09.57.05:263][384]LogMaterial: Display: Missing cached shader map for material NewMaterial, compiling. 
[2020.02.04-09.57.05:278][384]LogShaderCompilers: Display: Worker (1/5): shaders left to compile 9
[2020.02.04-09.57.05:278][384]LogShaderCompilers: Display: Worker (2/5): shaders left to compile 8
[2020.02.04-09.57.05:278][384]LogShaderCompilers: Display: Worker (3/5): shaders left to compile 7
[2020.02.04-09.57.05:278][384]LogShaderCompilers: Display: Worker (4/5): shaders left to compile 6
[2020.02.04-09.57.06:217][424]LogShaderCompilers: Display: Worker (3/5): shaders left to compile 5
[2020.02.04-09.57.06:518][439]LogShaderCompilers: Display: Worker (4/5): shaders left to compile 4
[2020.02.04-09.57.06:560][441]LogShaderCompilers: Display: Worker (2/5): shaders left to compile 3
[2020.02.04-09.57.06:631][445]LogShaderCompilers: Display: Worker (1/5): shaders left to compile 2
[2020.02.04-09.57.07:014][465]LogShaderCompilers: Display: Worker (4/5): shaders left to compile 1
[2020.02.04-09.57.07:407][484]LogMaterial: Display: Missing cached shader map for material NewMaterial, compiling. 
[2020.02.04-09.57.07:432][484]LogShaderCompilers: Display: Worker (1/5): shaders left to compile 9
[2020.02.04-09.57.07:432][484]LogShaderCompilers: Display: Worker (2/5): shaders left to compile 8
[2020.02.04-09.57.07:432][484]LogShaderCompilers: Display: Worker (3/5): shaders left to compile 7
[2020.02.04-09.57.07:432][484]LogShaderCompilers: Display: Worker (4/5): shaders left to compile 6
[2020.02.04-09.57.07:432][484]LogMaterial: Display: Missing cached shader map for material FMatExpressionPreview MaterialExpressionConstant3Vector_0, compiling. 
[2020.02.04-09.57.07:946][508]LogShaderCompilers: Display: Worker (3/5): shaders left to compile 9
[2020.02.04-09.57.08:324][526]LogShaderCompilers: Display: Worker (1/5): shaders left to compile 8
[2020.02.04-09.57.08:415][530]LogShaderCompilers: Display: Worker (4/5): shaders left to compile 7
[2020.02.04-09.57.08:432][531]LogShaderCompilers: Display: Worker (2/5): shaders left to compile 6
[2020.02.04-09.57.08:737][548]LogShaderCompilers: Display: Worker (1/5): shaders left to compile 5
[2020.02.04-09.57.08:754][549]LogShaderCompilers: Display: Worker (3/5): shaders left to compile 4
[2020.02.04-09.57.08:918][557]LogMaterial: Display: Missing cached shader map for material NewMaterial, compiling. 
[2020.02.04-09.57.08:989][557]LogShaderCompilers: Display: Worker (4/5): shaders left to compile 9
[2020.02.04-09.57.08:989][557]LogMaterial: Display: Missing cached shader map for material FMatExpressionPreview MaterialExpressionConstant3Vector_0, compiling. 
[2020.02.04-09.57.09:000][557]LogShaderCompilers: Display: Worker (2/5): shaders left to compile 8
[2020.02.04-09.57.09:145][565]LogShaderCompilers: Display: Worker (1/5): shaders left to compile 11
[2020.02.04-09.57.09:257][571]LogShaderCompilers: Display: Worker (3/5): shaders left to compile 10
[2020.02.04-09.57.09:623][587]LogShaderCompilers: Display: Worker (1/5): shaders left to compile 9
[2020.02.04-09.57.09:748][591]LogShaderCompilers: Display: Worker (4/5): shaders left to compile 8
[2020.02.04-09.57.09:843][596]LogShaderCompilers: Display: Worker (2/5): shaders left to compile 7
[2020.02.04-09.57.10:113][609]LogShaderCompilers: Display: Worker (3/5): shaders left to compile 6
[2020.02.04-09.57.10:319][619]LogShaderCompilers: Display: Worker (4/5): shaders left to compile 5
[2020.02.04-09.57.10:560][631]LogShaderCompilers: Display: Worker (1/5): shaders left to compile 4
[2020.02.04-09.57.10:630][635]LogShaderCompilers: Display: Worker (2/5): shaders left to compile 3
[2020.02.04-09.57.10:827][646]LogShaderCompilers: Display: Worker (4/5): shaders left to compile 2
[2020.02.04-09.57.10:874][649]LogShaderCompilers: Display: Worker (3/5): shaders left to compile 1
[2020.02.04-09.57.10:911][650]LogMaterial: Display: Missing cached shader map for material NewMaterial, compiling. 
[2020.02.04-09.57.10:938][650]LogMaterial: Display: Missing cached shader map for material FMatExpressionPreview MaterialExpressionConstant3Vector_0, compiling. 
[2020.02.04-09.57.11:181][660]LogShaderCompilers: Display: Worker (1/5): shaders left to compile 13
[2020.02.04-09.57.11:298][666]LogShaderCompilers: Display: Worker (2/5): shaders left to compile 12
[2020.02.04-09.57.11:313][667]LogShaderCompilers: Display: Worker (4/5): shaders left to compile 11
[2020.02.04-09.57.11:374][671]LogShaderCompilers: Display: Worker (3/5): shaders left to compile 10
[2020.02.04-09.57.11:700][689]LogMaterial: Display: Missing cached shader map for material NewMaterial, compiling. 
[2020.02.04-09.57.11:746][689]LogShaderCompilers: Display: Worker (4/5): shaders left to compile 9
[2020.02.04-09.57.11:746][689]LogMaterial: Display: Missing cached shader map for material FMatExpressionPreview MaterialExpressionConstant3Vector_0, compiling. 
[2020.02.04-09.57.11:912][696]LogShaderCompilers: Display: Worker (1/5): shaders left to compile 12
[2020.02.04-09.57.12:086][704]LogShaderCompilers: Display: Worker (2/5): shaders left to compile 11
[2020.02.04-09.57.12:106][705]LogShaderCompilers: Display: Worker (3/5): shaders left to compile 10
[2020.02.04-09.57.12:485][724]LogMaterial: Display: Missing cached shader map for material NewMaterial, compiling. 
[2020.02.04-09.57.12:510][724]LogMaterial: Display: Missing cached shader map for material FMatExpressionPreview MaterialExpressionConstant3Vector_0, compiling. 
[2020.02.04-09.57.12:521][724]LogShaderCompilers: Display: Worker (4/5): shaders left to compile 13
[2020.02.04-09.57.12:521][724]LogSlate: Window 'Color Picker' being destroyed
[2020.02.04-09.57.12:601][728]LogShaderCompilers: Display: Worker (2/5): shaders left to compile 12
[2020.02.04-09.57.12:735][734]LogShaderCompilers: Display: Worker (1/5): shaders left to compile 11
[2020.02.04-09.57.12:903][742]LogShaderCompilers: Display: Worker (3/5): shaders left to compile 10
[2020.02.04-09.57.13:256][756]LogMaterialEditor: Saving and Compiling material NewMaterial
[2020.02.04-09.57.13:919][756]LogShaderCompilers: Display: Worker (1/5): shaders left to compile 9
[2020.02.04-09.57.13:919][756]LogShaderCompilers: Display: Worker (4/5): shaders left to compile 8
[2020.02.04-09.57.13:919][756]LogShaderCompilers: Display: Worker (2/5): shaders left to compile 7
[2020.02.04-09.57.13:919][756]LogShaderCompilers: Display: Worker (3/5): shaders left to compile 6
[2020.02.04-09.57.13:919][756]LogShaderCompilers: Display: Worker (4/5): shaders left to compile 5
[2020.02.04-09.57.13:919][756]LogShaderCompilers: Display: Worker (1/5): shaders left to compile 4
[2020.02.04-09.57.13:919][756]LogShaderCompilers: Display: Worker (2/5): shaders left to compile 3
[2020.02.04-09.57.13:959][756]LogMaterial: Display: Missing cached shader map for material NewMaterial, compiling. 
[2020.02.04-09.57.14:045][756]LogMaterial: Display: Missing cached shader map for material NewMaterial, compiling. 
[2020.02.04-09.57.14:095][756]LogShaderCompilers: Display: Worker (4/5): shaders left to compile 26
[2020.02.04-09.57.14:095][756]LogUObjectHash: Compacting FUObjectHashTables data took   1.58ms
[2020.02.04-09.57.14:111][756]LogShaderCompilers: Display: Worker (3/5): shaders left to compile 25
[2020.02.04-09.57.14:111][756]LogMaterial: Display: Missing cached shader map for material DebugViewMode MaterialTexCoordScale, compiling. 
[2020.02.04-09.57.15:352][756]LogShaderCompilers: Display: Worker (1/5): shaders left to compile 26
[2020.02.04-09.57.15:352][756]LogShaderCompilers: Display: Worker (2/5): shaders left to compile 25
[2020.02.04-09.57.15:352][756]LogShaderCompilers: Display: Worker (3/5): shaders left to compile 24
[2020.02.04-09.57.15:352][756]LogShaderCompilers: Display: Worker (4/5): shaders left to compile 23
[2020.02.04-09.57.15:352][756]LogShaderCompilers: Display: Worker (1/5): shaders left to compile 22
[2020.02.04-09.57.15:352][756]LogShaderCompilers: Display: Worker (3/5): shaders left to compile 21
[2020.02.04-09.57.15:352][756]LogShaderCompilers: Display: Worker (2/5): shaders left to compile 20
[2020.02.04-09.57.15:352][756]LogShaderCompilers: Display: Worker (4/5): shaders left to compile 19
[2020.02.04-09.57.15:352][756]LogShaderCompilers: Display: Worker (3/5): shaders left to compile 18
[2020.02.04-09.57.15:352][756]LogShaderCompilers: Display: Worker (2/5): shaders left to compile 17
[2020.02.04-09.57.15:352][756]LogShaderCompilers: Display: Worker (1/5): shaders left to compile 16
[2020.02.04-09.57.15:352][756]LogShaderCompilers: Display: Worker (2/5): shaders left to compile 15
[2020.02.04-09.57.15:352][756]LogShaderCompilers: Display: Worker (3/5): shaders left to compile 11
[2020.02.04-09.57.15:352][756]LogShaderCompilers: Display: Worker (4/5): shaders left to compile 8
[2020.02.04-09.57.15:352][756]LogShaderCompilers: Display: Worker (1/5): shaders left to compile 5
[2020.02.04-09.57.15:355][756]TextureStreamingBuild: Display: Compiling optional shaders took 1.259 seconds.
[2020.02.04-09.57.15:378][756]LogUObjectHash: Compacting FUObjectHashTables data took   0.60ms
[2020.02.04-09.57.16:794][756]LogShaderCompilers: Display: Worker (1/5): shaders left to compile 3
[2020.02.04-09.57.16:794][756]LogShaderCompilers: Display: Worker (4/5): shaders left to compile 2
[2020.02.04-09.57.16:794][756]LogShaderCompilers: Display: Worker (1/5): shaders left to compile 1
[2020.02.04-09.57.16:828][756]Cmd: OBJ SAVEPACKAGE PACKAGE="/Game/NewMaterial" FILE="D:/Clone/i360versionmanagenment/MICRO360_Share/Garcia/UE4_1/MyProject/Content/NewMaterial.uasset" SILENT=true
[2020.02.04-09.57.16:839][756]LogSavePackage: Moving 'D:/Clone/i360versionmanagenment/MICRO360_Share/Garcia/UE4_1/MyProject/Saved/NewMaterial4E79EF344A008C0814BEF1A559B5AB2A.tmp' to 'D:/Clone/i360versionmanagenment/MICRO360_Share/Garcia/UE4_1/MyProject/Content/NewMaterial.uasset'
[2020.02.04-09.57.16:870][756]AssetCheck: New page: Asset Save: NewMaterial
[2020.02.04-09.57.16:871][756]LogContentValidation: Display: Validating Material /Game/NewMaterial.NewMaterial
[2020.02.04-09.57.16:875][756]MaterialEditorStats: Base pass shader: 118 instructions
[2020.02.04-09.57.16:875][756]MaterialEditorStats: Base pass shader with Volumetric Lightmap: 192 instructions
[2020.02.04-09.57.16:875][756]MaterialEditorStats: Base pass vertex shader: 40 instructions
[2020.02.04-09.57.16:875][756]MaterialEditorStats: Texture samplers: 3/16
[2020.02.04-09.57.18:741][902]LogSlate: Window 'NewMaterial' being destroyed
[2020.02.04-09.57.18:753][902]LogSlate: Window 'NewMaterial' being destroyed
[2020.02.04-09.57.18:774][902]LogWorld: UWorld::CleanupWorld for World_2, bSessionEnded=true, bCleanupResources=true
[2020.02.04-09.57.18:774][902]LogSlate: InvalidateAllWidgets triggered.  All widgets were invalidated
[2020.02.04-09.57.21:774][251]Cmd: OBJ SAVEPACKAGE PACKAGE="/Game/NewMaterial" FILE="D:/Clone/i360versionmanagenment/MICRO360_Share/Garcia/UE4_1/MyProject/Content/NewMaterial.uasset" SILENT=true
[2020.02.04-09.57.21:777][251]LogSavePackage: Moving 'D:/Clone/i360versionmanagenment/MICRO360_Share/Garcia/UE4_1/MyProject/Saved/NewMaterial0BF5B1894E2111EA0C330FAA29C255AC.tmp' to 'D:/Clone/i360versionmanagenment/MICRO360_Share/Garcia/UE4_1/MyProject/Content/NewMaterial.uasset'
[2020.02.04-09.57.21:788][251]AssetCheck: New page: Asset Save: NewMaterial
[2020.02.04-09.57.21:788][251]LogContentValidation: Display: Validating Material /Game/NewMaterial.NewMaterial
[2020.02.04-09.57.23:340][429]Cmd: OBJ SAVEPACKAGE PACKAGE="/Game/GT_materials" FILE="D:/Clone/i360versionmanagenment/MICRO360_Share/Garcia/UE4_1/MyProject/Content/GT_materials.uasset" SILENT=true
[2020.02.04-09.57.23:343][429]LogSavePackage: Moving 'D:/Clone/i360versionmanagenment/MICRO360_Share/Garcia/UE4_1/MyProject/Saved/GT_materials69B8C62C4749BC1FECEA9E8B01CB8478.tmp' to 'D:/Clone/i360versionmanagenment/MICRO360_Share/Garcia/UE4_1/MyProject/Content/GT_materials.uasset'
[2020.02.04-09.57.23:354][429]AssetCheck: New page: Asset Save: GT_materials
[2020.02.04-09.57.23:354][429]LogContentValidation: Display: Validating Material /Game/GT_materials.GT_materials
